This is pdfTeX, Version 3.141592653-2.6-1.40.25 (TeX Live 2023) (preloaded format=pdflatex 2023.7.20)  24 JAN 2024 00:59
entering extended mode
 restricted \write18 enabled.
 file:line:error style messages enabled.
 %&-line parsing enabled.
**c:/Users/tyx00/Documents/Github/DMPF-CCS24/main.tex
(c:/Users/tyx00/Documents/Github/DMPF-CCS24/main.tex
LaTeX2e <2022-11-01> patch level 1
L3 programming layer <2023-02-22> (c:/texlive/2023/texmf-dist/tex/latex/acmart/acmart.cls
Document Class: acmart 2022/10/24 v1.88 Typesetting articles for the Association for Computing Machinery
(c:/texlive/2023/texmf-dist/tex/latex/xkeyval/xkeyval.sty
Package: xkeyval 2022/06/16 v2.9 package option processing (HA)
 (c:/texlive/2023/texmf-dist/tex/generic/xkeyval/xkeyval.tex (c:/texlive/2023/texmf-dist/tex/generic/xkeyval/xkvutils.tex
\XKV@toks=\toks16
\XKV@tempa@toks=\toks17
 (c:/texlive/2023/texmf-dist/tex/generic/xkeyval/keyval.tex))
\XKV@depth=\count185
File: xkeyval.tex 2014/12/03 v2.7a key=value parser (HA)
)) (c:/texlive/2023/texmf-dist/tex/generic/xstring/xstring.sty (c:/texlive/2023/texmf-dist/tex/generic/xstring/xstring.tex
\integerpart=\count186
\decimalpart=\count187
)
Package: xstring 2023/01/14 v1.85 String manipulations (CT)
) (c:/texlive/2023/texmf-dist/tex/generic/iftex/iftex.sty
Package: iftex 2022/02/03 v1.0f TeX engine tests
)
Package acmart Info: Not using screen mode on input line 76.
Package acmart Info: Using breaking urls on hyphens on input line 84.
Package acmart Info: Requiring acmthm on input line 92.
Package acmart Info: Not using review mode on input line 101.
Package acmart Info: Not using authorversion mode on input line 109.
Package acmart Info: Not using nonacm mode on input line 121.
Package acmart Info: Explicitly selecting natbib mode on input line 137.
Package acmart Info: Not using anonymous mode on input line 145.
Package acmart Info: Not using timestamp mode on input line 153.
Package acmart Info: Not using authordraft mode on input line 163.
Class acmart Info: Using format sigconf, number 4 on input line 178.
Class acmart Info: Using fontsize 9pt on input line 277.
 (c:/texlive/2023/texmf-dist/tex/latex/amscls/amsart.cls
Document Class: amsart 2020/05/29 v2.20.6
\linespacing=\dimen140
\normalparindent=\dimen141
\normaltopskip=\skip48
(c:/texlive/2023/texmf-dist/tex/latex/amsmath/amsmath.sty
Package: amsmath 2022/04/08 v2.17n AMS math features
\@mathmargin=\skip49

For additional information on amsmath, use the `?' option.
(c:/texlive/2023/texmf-dist/tex/latex/amsmath/amstext.sty
Package: amstext 2021/08/26 v2.01 AMS text
 (c:/texlive/2023/texmf-dist/tex/latex/amsmath/amsgen.sty
File: amsgen.sty 1999/11/30 v2.0 generic functions
\@emptytoks=\toks18
\ex@=\dimen142
)) (c:/texlive/2023/texmf-dist/tex/latex/amsmath/amsbsy.sty
Package: amsbsy 1999/11/29 v1.2d Bold Symbols
\pmbraise@=\dimen143
) (c:/texlive/2023/texmf-dist/tex/latex/amsmath/amsopn.sty
Package: amsopn 2022/04/08 v2.04 operator names
)
\inf@bad=\count188
LaTeX Info: Redefining \frac on input line 234.
\uproot@=\count189
\leftroot@=\count190
LaTeX Info: Redefining \overline on input line 399.
LaTeX Info: Redefining \colon on input line 410.
\classnum@=\count191
\DOTSCASE@=\count192
LaTeX Info: Redefining \ldots on input line 496.
LaTeX Info: Redefining \dots on input line 499.
LaTeX Info: Redefining \cdots on input line 620.
\Mathstrutbox@=\box51
\strutbox@=\box52
LaTeX Info: Redefining \big on input line 722.
LaTeX Info: Redefining \Big on input line 723.
LaTeX Info: Redefining \bigg on input line 724.
LaTeX Info: Redefining \Bigg on input line 725.
\big@size=\dimen144
LaTeX Font Info:    Redeclaring font encoding OML on input line 743.
LaTeX Font Info:    Redeclaring font encoding OMS on input line 744.
\macc@depth=\count193
LaTeX Info: Redefining \bmod on input line 905.
LaTeX Info: Redefining \pmod on input line 910.
LaTeX Info: Redefining \smash on input line 940.
LaTeX Info: Redefining \relbar on input line 970.
LaTeX Info: Redefining \Relbar on input line 971.
\c@MaxMatrixCols=\count194
\dotsspace@=\muskip16
\c@parentequation=\count195
\dspbrk@lvl=\count196
\tag@help=\toks19
\row@=\count197
\column@=\count198
\maxfields@=\count199
\andhelp@=\toks20
\eqnshift@=\dimen145
\alignsep@=\dimen146
\tagshift@=\dimen147
\tagwidth@=\dimen148
\totwidth@=\dimen149
\lineht@=\dimen150
\@envbody=\toks21
\multlinegap=\skip50
\multlinetaggap=\skip51
\mathdisplay@stack=\toks22
LaTeX Info: Redefining \[ on input line 2953.
LaTeX Info: Redefining \] on input line 2954.
)
LaTeX Font Info:    Trying to load font information for U+msa on input line 397.
 (c:/texlive/2023/texmf-dist/tex/latex/amsfonts/umsa.fd
File: umsa.fd 2013/01/14 v3.01 AMS symbols A
) (c:/texlive/2023/texmf-dist/tex/latex/amsfonts/amsfonts.sty
Package: amsfonts 2013/01/14 v3.01 Basic AMSFonts support
\symAMSa=\mathgroup4
\symAMSb=\mathgroup5
LaTeX Font Info:    Redeclaring math symbol \hbar on input line 98.
LaTeX Font Info:    Overwriting math alphabet `\mathfrak' in version `bold'
(Font)                  U/euf/m/n --> U/euf/b/n on input line 106.
)
\copyins=\insert252
\abstractbox=\box53
\listisep=\skip52
\c@part=\count266
\c@section=\count267
\c@subsection=\count268
\c@subsubsection=\count269
\c@paragraph=\count270
\c@subparagraph=\count271
\c@figure=\count272
\c@table=\count273
\abovecaptionskip=\skip53
\belowcaptionskip=\skip54
\captionindent=\dimen151
\thm@style=\toks23
\thm@bodyfont=\toks24
\thm@headfont=\toks25
\thm@notefont=\toks26
\thm@headpunct=\toks27
\thm@preskip=\skip55
\thm@postskip=\skip56
\thm@headsep=\skip57
\dth@everypar=\toks28
) (c:/texlive/2023/texmf-dist/tex/latex/microtype/microtype.sty
Package: microtype 2023/03/13 v3.1a Micro-typographical refinements (RS)
 (c:/texlive/2023/texmf-dist/tex/latex/etoolbox/etoolbox.sty
Package: etoolbox 2020/10/05 v2.5k e-TeX tools for LaTeX (JAW)
\etb@tempcnta=\count274
)
\MT@toks=\toks29
\MT@tempbox=\box54
\MT@count=\count275
LaTeX Info: Redefining \noprotrusionifhmode on input line 1059.
LaTeX Info: Redefining \leftprotrusion on input line 1060.
\MT@prot@toks=\toks30
LaTeX Info: Redefining \rightprotrusion on input line 1078.
LaTeX Info: Redefining \textls on input line 1368.
\MT@outer@kern=\dimen152
LaTeX Info: Redefining \textmicrotypecontext on input line 1988.
\MT@listname@count=\count276
 (c:/texlive/2023/texmf-dist/tex/latex/microtype/microtype-pdftex.def
File: microtype-pdftex.def 2023/03/13 v3.1a Definitions specific to pdftex (RS)
LaTeX Info: Redefining \lsstyle on input line 902.
LaTeX Info: Redefining \lslig on input line 902.
\MT@outer@space=\skip58
)
Package microtype Info: Loading configuration file microtype.cfg.
 (c:/texlive/2023/texmf-dist/tex/latex/microtype/microtype.cfg
File: microtype.cfg 2023/03/13 v3.1a microtype main configuration file (RS)
)) (c:/texlive/2023/texmf-dist/tex/latex/booktabs/booktabs.sty
Package: booktabs 2020/01/12 v1.61803398 Publication quality tables
\heavyrulewidth=\dimen153
\lightrulewidth=\dimen154
\cmidrulewidth=\dimen155
\belowrulesep=\dimen156
\belowbottomsep=\dimen157
\aboverulesep=\dimen158
\abovetopsep=\dimen159
\cmidrulesep=\dimen160
\cmidrulekern=\dimen161
\defaultaddspace=\dimen162
\@cmidla=\count277
\@cmidlb=\count278
\@aboverulesep=\dimen163
\@belowrulesep=\dimen164
\@thisruleclass=\count279
\@lastruleclass=\count280
\@thisrulewidth=\dimen165
) (c:/texlive/2023/texmf-dist/tex/latex/refcount/refcount.sty
Package: refcount 2019/12/15 v3.6 Data extraction from label references (HO)
 (c:/texlive/2023/texmf-dist/tex/generic/ltxcmds/ltxcmds.sty
Package: ltxcmds 2020-05-10 v1.25 LaTeX kernel commands for general use (HO)
) (c:/texlive/2023/texmf-dist/tex/generic/infwarerr/infwarerr.sty
Package: infwarerr 2019/12/03 v1.5 Providing info/warning/error messages (HO)
)) (c:/texlive/2023/texmf-dist/tex/latex/totpages/totpages.sty
Package: totpages 2005/09/19 v2.00 Totpages Package (muewi)
 (c:/texlive/2023/texmf-dist/tex/latex/everyshi/everyshi.sty
Package: everyshi 2020/11/18 v4.00 EveryShipout Package
)) (c:/texlive/2023/texmf-dist/tex/latex/environ/environ.sty
Package: environ 2014/05/04 v0.3 A new way to define environments
 (c:/texlive/2023/texmf-dist/tex/latex/trimspaces/trimspaces.sty
Package: trimspaces 2009/09/17 v1.1 Trim spaces around a token list
)) (c:/texlive/2023/texmf-dist/tex/latex/textcase/textcase.sty
Package: textcase 2022/07/10 v1.03 Text only upper/lower case changing (DPC)
Package textcase Info: Defining Legacy names on input line 20.
) (c:/texlive/2023/texmf-dist/tex/latex/natbib/natbib.sty
Package: natbib 2010/09/13 8.31b (PWD, AO)
\bibhang=\skip59
\bibsep=\skip60
LaTeX Info: Redefining \cite on input line 694.
\c@NAT@ctr=\count281
) (c:/texlive/2023/texmf-dist/tex/latex/hyperxmp/hyperxmp.sty
Package: hyperxmp 2022/10/16 v5.11 Store hyperref metadata in XMP format
\hyxmp@aep@toks=\toks31
 (c:/texlive/2023/texmf-dist/tex/latex/kvoptions/kvoptions.sty
Package: kvoptions 2022-06-15 v3.15 Key value format for package options (HO)
 (c:/texlive/2023/texmf-dist/tex/latex/kvsetkeys/kvsetkeys.sty
Package: kvsetkeys 2022-10-05 v1.19 Key value parser (HO)
)) (c:/texlive/2023/texmf-dist/tex/generic/pdfescape/pdfescape.sty
Package: pdfescape 2019/12/09 v1.15 Implements pdfTeX's escape features (HO)
 (c:/texlive/2023/texmf-dist/tex/generic/pdftexcmds/pdftexcmds.sty
Package: pdftexcmds 2020-06-27 v0.33 Utility functions of pdfTeX for LuaTeX (HO)
Package pdftexcmds Info: \pdf@primitive is available.
Package pdftexcmds Info: \pdf@ifprimitive is available.
Package pdftexcmds Info: \pdfdraftmode found.
)) (c:/texlive/2023/texmf-dist/tex/generic/stringenc/stringenc.sty
Package: stringenc 2019/11/29 v1.12 Convert strings between diff. encodings (HO)
) (c:/texlive/2023/texmf-dist/tex/generic/intcalc/intcalc.sty
Package: intcalc 2019/12/15 v1.3 Expandable calculations with integers (HO)
) (c:/texlive/2023/texmf-dist/tex/latex/ifmtarg/ifmtarg.sty
Package: ifmtarg 2018/04/16 v1.2b check for an empty argument
) (c:/texlive/2023/texmf-dist/tex/latex/base/ifthen.sty
Package: ifthen 2022/04/13 v1.1d Standard LaTeX ifthen package (DPC)
)
\@hyxmp@count=\count282
 (c:/texlive/2023/texmf-dist/tex/latex/oberdiek/ifdraft.sty
Package: ifdraft 2016/05/16 v1.4 Detect class options draft and final (HO)
) (c:/texlive/2023/texmf-dist/tex/generic/iftex/ifluatex.sty
Package: ifluatex 2019/10/25 v1.5 ifluatex legacy package. Use iftex instead.
)) (c:/texlive/2023/texmf-dist/tex/latex/hyperref/hyperref.sty
Package: hyperref 2023-02-07 v7.00v Hypertext links for LaTeX
 (c:/texlive/2023/texmf-dist/tex/generic/kvdefinekeys/kvdefinekeys.sty
Package: kvdefinekeys 2019-12-19 v1.6 Define keys (HO)
) (c:/texlive/2023/texmf-dist/tex/latex/hycolor/hycolor.sty
Package: hycolor 2020-01-27 v1.10 Color options for hyperref/bookmark (HO)
) (c:/texlive/2023/texmf-dist/tex/latex/letltxmacro/letltxmacro.sty
Package: letltxmacro 2019/12/03 v1.6 Let assignment for LaTeX macros (HO)
) (c:/texlive/2023/texmf-dist/tex/latex/auxhook/auxhook.sty
Package: auxhook 2019-12-17 v1.6 Hooks for auxiliary files (HO)
) (c:/texlive/2023/texmf-dist/tex/latex/hyperref/nameref.sty
Package: nameref 2022-05-17 v2.50 Cross-referencing by name of section
 (c:/texlive/2023/texmf-dist/tex/generic/gettitlestring/gettitlestring.sty
Package: gettitlestring 2019/12/15 v1.6 Cleanup title references (HO)
)
\c@section@level=\count283
)
\@linkdim=\dimen166
\Hy@linkcounter=\count284
\Hy@pagecounter=\count285
 (c:/texlive/2023/texmf-dist/tex/latex/hyperref/pd1enc.def
File: pd1enc.def 2023-02-07 v7.00v Hyperref: PDFDocEncoding definition (HO)
Now handling font encoding PD1 ...
... no UTF-8 mapping file for font encoding PD1
) (c:/texlive/2023/texmf-dist/tex/generic/etexcmds/etexcmds.sty
Package: etexcmds 2019/12/15 v1.7 Avoid name clashes with e-TeX commands (HO)
)
\Hy@SavedSpaceFactor=\count286
 (c:/texlive/2023/texmf-dist/tex/latex/hyperref/puenc.def
File: puenc.def 2023-02-07 v7.00v Hyperref: PDF Unicode definition (HO)
Now handling font encoding PU ...
... no UTF-8 mapping file for font encoding PU
)
Package hyperref Info: Option `bookmarksnumbered' set `true' on input line 4060.
Package hyperref Info: Option `unicode' set `true' on input line 4060.
Package hyperref Info: Hyper figures OFF on input line 4177.
Package hyperref Info: Link nesting OFF on input line 4182.
Package hyperref Info: Hyper index ON on input line 4185.
Package hyperref Info: Plain pages OFF on input line 4192.
Package hyperref Info: Backreferencing OFF on input line 4197.
Package hyperref Info: Implicit mode ON; LaTeX internals redefined.
Package hyperref Info: Bookmarks ON on input line 4425.
\c@Hy@tempcnt=\count287
 (c:/texlive/2023/texmf-dist/tex/latex/url/url.sty
\Urlmuskip=\muskip17
Package: url 2013/09/16  ver 3.4  Verb mode for urls, etc.
)
LaTeX Info: Redefining \url on input line 4763.
\XeTeXLinkMargin=\dimen167
 (c:/texlive/2023/texmf-dist/tex/generic/bitset/bitset.sty
Package: bitset 2019/12/09 v1.3 Handle bit-vector datatype (HO)
 (c:/texlive/2023/texmf-dist/tex/generic/bigintcalc/bigintcalc.sty
Package: bigintcalc 2019/12/15 v1.5 Expandable calculations on big integers (HO)
))
\Fld@menulength=\count288
\Field@Width=\dimen168
\Fld@charsize=\dimen169
Package hyperref Info: Hyper figures OFF on input line 6042.
Package hyperref Info: Link nesting OFF on input line 6047.
Package hyperref Info: Hyper index ON on input line 6050.
Package hyperref Info: backreferencing OFF on input line 6057.
Package hyperref Info: Link coloring OFF on input line 6062.
Package hyperref Info: Link coloring with OCG OFF on input line 6067.
Package hyperref Info: PDF/A mode OFF on input line 6072.
 (c:/texlive/2023/texmf-dist/tex/latex/base/atbegshi-ltx.sty
Package: atbegshi-ltx 2021/01/10 v1.0c Emulation of the original atbegshi
package with kernel methods
)
\Hy@abspage=\count289
\c@Item=\count290
\c@Hfootnote=\count291
)
Package hyperref Info: Driver (autodetected): hpdftex.
 (c:/texlive/2023/texmf-dist/tex/latex/hyperref/hpdftex.def
File: hpdftex.def 2023-02-07 v7.00v Hyperref driver for pdfTeX
 (c:/texlive/2023/texmf-dist/tex/latex/base/atveryend-ltx.sty
Package: atveryend-ltx 2020/08/19 v1.0a Emulation of the original atveryend package
with kernel methods
)
\Fld@listcount=\count292
\c@bookmark@seq@number=\count293
 (c:/texlive/2023/texmf-dist/tex/latex/rerunfilecheck/rerunfilecheck.sty
Package: rerunfilecheck 2022-07-10 v1.10 Rerun checks for auxiliary files (HO)
 (c:/texlive/2023/texmf-dist/tex/generic/uniquecounter/uniquecounter.sty
Package: uniquecounter 2019/12/15 v1.4 Provide unlimited unique counter (HO)
)
Package uniquecounter Info: New unique counter `rerunfilecheck' on input line 285.
)
\Hy@SectionHShift=\skip61
) (c:/texlive/2023/texmf-dist/tex/latex/graphics/graphicx.sty
Package: graphicx 2021/09/16 v1.2d Enhanced LaTeX Graphics (DPC,SPQR)
 (c:/texlive/2023/texmf-dist/tex/latex/graphics/graphics.sty
Package: graphics 2022/03/10 v1.4e Standard LaTeX Graphics (DPC,SPQR)
 (c:/texlive/2023/texmf-dist/tex/latex/graphics/trig.sty
Package: trig 2021/08/11 v1.11 sin cos tan (DPC)
) (c:/texlive/2023/texmf-dist/tex/latex/graphics-cfg/graphics.cfg
File: graphics.cfg 2016/06/04 v1.11 sample graphics configuration
)
Package graphics Info: Driver file: pdftex.def on input line 107.
 (c:/texlive/2023/texmf-dist/tex/latex/graphics-def/pdftex.def
File: pdftex.def 2022/09/22 v1.2b Graphics/color driver for pdftex
))
\Gin@req@height=\dimen170
\Gin@req@width=\dimen171
) (c:/texlive/2023/texmf-dist/tex/latex/xcolor/xcolor.sty
Package: xcolor 2022/06/12 v2.14 LaTeX color extensions (UK)
 (c:/texlive/2023/texmf-dist/tex/latex/graphics-cfg/color.cfg
File: color.cfg 2016/01/02 v1.6 sample color configuration
)
Package xcolor Info: Driver file: pdftex.def on input line 227.
 (c:/texlive/2023/texmf-dist/tex/latex/graphics/mathcolor.ltx)
Package xcolor Info: Model `cmy' substituted by `cmy0' on input line 1353.
Package xcolor Info: Model `hsb' substituted by `rgb' on input line 1357.
Package xcolor Info: Model `RGB' extended on input line 1369.
Package xcolor Info: Model `HTML' substituted by `rgb' on input line 1371.
Package xcolor Info: Model `Hsb' substituted by `hsb' on input line 1372.
Package xcolor Info: Model `tHsb' substituted by `hsb' on input line 1373.
Package xcolor Info: Model `HSB' substituted by `hsb' on input line 1374.
Package xcolor Info: Model `Gray' substituted by `gray' on input line 1375.
Package xcolor Info: Model `wave' substituted by `hsb' on input line 1376.
) (c:/texlive/2023/texmf-dist/tex/latex/geometry/geometry.sty
Package: geometry 2020/01/02 v5.9 Page Geometry
 (c:/texlive/2023/texmf-dist/tex/generic/iftex/ifvtex.sty
Package: ifvtex 2019/10/25 v1.7 ifvtex legacy package. Use iftex instead.
)
\Gm@cnth=\count294
\Gm@cntv=\count295
\c@Gm@tempcnt=\count296
\Gm@bindingoffset=\dimen172
\Gm@wd@mp=\dimen173
\Gm@odd@mp=\dimen174
\Gm@even@mp=\dimen175
\Gm@layoutwidth=\dimen176
\Gm@layoutheight=\dimen177
\Gm@layouthoffset=\dimen178
\Gm@layoutvoffset=\dimen179
\Gm@dimlist=\toks32
) (c:/texlive/2023/texmf-dist/tex/latex/ncctools/manyfoot.sty
Package: manyfoot 2019/08/03 v1.11 Many Footnote Levels Package (NCC)
 (c:/texlive/2023/texmf-dist/tex/latex/ncctools/nccfoots.sty
Package: nccfoots 2005/02/03 v1.2 NCC Footnotes Package (NCC)
)
\MFL@columnwidth=\dimen180
)
\footinsauthorsaddresses=\insert251
\c@footnoteauthorsaddresses=\count297
\footinscopyrightpermission=\insert250
\c@footnotecopyrightpermission=\count298
 (c:/texlive/2023/texmf-dist/tex/generic/pdftex/glyphtounicode.tex) (c:/texlive/2023/texmf-dist/tex/latex/cmap/cmap.sty
Package: cmap 2021/02/06 v1.0j CMap support: searchable PDF
) (c:/texlive/2023/texmf-dist/tex/latex/base/fontenc.sty
Package: fontenc 2021/04/29 v2.0v Standard LaTeX package
<<t1.cmap>>) (c:/texlive/2023/texmf-dist/tex/latex/libertine/libertine.sty
Package: libertine 2022/09/12 (Bob Tennent) Supports Libertine and Biolinum fonts for all LaTeX engines.
 (c:/texlive/2023/texmf-dist/tex/generic/iftex/ifxetex.sty
Package: ifxetex 2019/10/25 v0.7 ifxetex legacy package. Use iftex instead.
) (c:/texlive/2023/texmf-dist/tex/latex/base/textcomp.sty
Package: textcomp 2020/02/02 v2.0n Standard LaTeX package
) (c:/texlive/2023/texmf-dist/tex/latex/base/fontenc.sty
Package: fontenc 2021/04/29 v2.0v Standard LaTeX package
) (c:/texlive/2023/texmf-dist/tex/latex/fontaxes/fontaxes.sty
Package: fontaxes 2020/07/21 v1.0e Font selection axes
LaTeX Info: Redefining \upshape on input line 29.
LaTeX Info: Redefining \itshape on input line 31.
LaTeX Info: Redefining \slshape on input line 33.
LaTeX Info: Redefining \swshape on input line 35.
LaTeX Info: Redefining \scshape on input line 37.
LaTeX Info: Redefining \sscshape on input line 39.
LaTeX Info: Redefining \ulcshape on input line 41.
LaTeX Info: Redefining \textsw on input line 47.
LaTeX Info: Redefining \textssc on input line 48.
LaTeX Info: Redefining \textulc on input line 49.
)
LaTeX Info: Redefining \oldstylenums on input line 483.
 (c:/texlive/2023/texmf-dist/tex/latex/libertine/LinLibertine_I.tex)) (c:/texlive/2023/texmf-dist/tex/latex/inconsolata/zi4.sty
Package: zi4 2019/05/17 v1.12
 `inconsolata-zi4' v1.12, 2019/05/17 Text macros for Inconsolata (msharpe)
\zifour@ocount=\count299
) (c:/texlive/2023/texmf-dist/tex/latex/newtx/newtxmath.sty
Package: newtxmath 2022/01/16 v1.71
 `newtxmath' v1.71, 2022/01/16 Math macros based originally on txfonts (msharpe) (c:/texlive/2023/texmf-dist/tex/latex/oberdiek/centernot.sty
Package: centernot 2016/05/16 v1.4 Centers the not symbol horizontally (HO)
)
\tx@cntz=\count300
 (c:/texlive/2023/texmf-dist/tex/generic/kastrup/binhex.tex)
\tx@Isdigit=\count301
\tx@IsAlNum=\count302
\tx@tA=\toks33
\tx@tB=\toks34
\tx@su=\read2

amsthm NOT loaded
LaTeX Font Info:    Redeclaring symbol font `operators' on input line 376.
LaTeX Font Info:    Overwriting symbol font `operators' in version `normal'
(Font)                  OT1/cmr/m/n --> OT1/LinuxLibertineT-TLF/m/n on input line 376.
LaTeX Font Info:    Overwriting symbol font `operators' in version `bold'
(Font)                  OT1/cmr/bx/n --> OT1/LinuxLibertineT-TLF/m/n on input line 376.
LaTeX Font Info:    Overwriting symbol font `operators' in version `bold'
(Font)                  OT1/LinuxLibertineT-TLF/m/n --> OT1/LinuxLibertineT-TLF/sb/n on input line 377.
LaTeX Font Info:    Redeclaring math alphabet \mathsf on input line 383.
LaTeX Font Info:    Overwriting math alphabet `\mathsf' in version `normal'
(Font)                  OT1/cmss/m/n --> T1/LinuxBiolinumT-TLF/m/n on input line 383.
LaTeX Font Info:    Overwriting math alphabet `\mathsf' in version `bold'
(Font)                  OT1/cmss/bx/n --> T1/LinuxBiolinumT-TLF/m/n on input line 383.
LaTeX Font Info:    Redeclaring math alphabet \mathit on input line 384.
LaTeX Font Info:    Overwriting math alphabet `\mathit' in version `normal'
(Font)                  OT1/cmr/m/it --> OT1/LinuxLibertineT-TLF/m/it on input line 384.
LaTeX Font Info:    Overwriting math alphabet `\mathit' in version `bold'
(Font)                  OT1/cmr/bx/it --> OT1/LinuxLibertineT-TLF/m/it on input line 384.
LaTeX Font Info:    Redeclaring math alphabet \mathtt on input line 385.
LaTeX Font Info:    Overwriting math alphabet `\mathtt' in version `normal'
(Font)                  OT1/cmtt/m/n --> T1/zi4/m/n on input line 385.
LaTeX Font Info:    Overwriting math alphabet `\mathtt' in version `bold'
(Font)                  OT1/cmtt/m/n --> T1/zi4/m/n on input line 385.
LaTeX Font Info:    Redeclaring math alphabet \mathbf on input line 387.
LaTeX Font Info:    Overwriting math alphabet `\mathbf' in version `normal'
(Font)                  OT1/cmr/bx/n --> OT1/LinuxLibertineT-TLF/sb/n on input line 387.
LaTeX Font Info:    Overwriting math alphabet `\mathbf' in version `bold'
(Font)                  OT1/cmr/bx/n --> OT1/LinuxLibertineT-TLF/sb/n on input line 387.
LaTeX Font Info:    Overwriting math alphabet `\mathit' in version `bold'
(Font)                  OT1/LinuxLibertineT-TLF/m/it --> OT1/LinuxLibertineT-TLF/sb/it on input line 388.
LaTeX Font Info:    Overwriting math alphabet `\mathsf' in version `bold'
(Font)                  T1/LinuxBiolinumT-TLF/m/n --> T1/LinuxBiolinumT-TLF/b/n on input line 389.
LaTeX Font Info:    Overwriting math alphabet `\mathtt' in version `bold'
(Font)                  T1/zi4/m/n --> T1/zi4/b/n on input line 390.
LaTeX Font Info:    Redeclaring symbol font `letters' on input line 407.
LaTeX Font Info:    Overwriting symbol font `letters' in version `normal'
(Font)                  OML/cmm/m/it --> OML/nxlmi/m/it on input line 407.
LaTeX Font Info:    Overwriting symbol font `letters' in version `bold'
(Font)                  OML/cmm/b/it --> OML/nxlmi/m/it on input line 407.
LaTeX Font Info:    Overwriting symbol font `letters' in version `bold'
(Font)                  OML/nxlmi/m/it --> OML/nxlmi/b/it on input line 408.
\symlettersA=\mathgroup6
LaTeX Font Info:    Overwriting symbol font `lettersA' in version `bold'
(Font)                  U/ntxmia/m/it --> U/ntxmia/b/it on input line 547.
LaTeX Font Info:    Redeclaring math alphabet \mathfrak on input line 549.
Now handling font encoding LMS ...
... no UTF-8 mapping file for font encoding LMS
LaTeX Font Info:    Redeclaring symbol font `symbols' on input line 568.
LaTeX Font Info:    Encoding `OMS' has changed to `LMS' for symbol font
(Font)              `symbols' in the math version `normal' on input line 568.
LaTeX Font Info:    Overwriting symbol font `symbols' in version `normal'
(Font)                  OMS/cmsy/m/n --> LMS/ntxsy/m/n on input line 568.
LaTeX Font Info:    Encoding `OMS' has changed to `LMS' for symbol font
(Font)              `symbols' in the math version `bold' on input line 568.
LaTeX Font Info:    Overwriting symbol font `symbols' in version `bold'
(Font)                  OMS/cmsy/b/n --> LMS/ntxsy/m/n on input line 568.
LaTeX Font Info:    Overwriting symbol font `symbols' in version `bold'
(Font)                  LMS/ntxsy/m/n --> LMS/ntxsy/b/n on input line 569.
\symAMSm=\mathgroup7
LaTeX Font Info:    Overwriting symbol font `AMSm' in version `bold'
(Font)                  U/ntxsym/m/n --> U/ntxsym/b/n on input line 594.
\symsymbolsC=\mathgroup8
LaTeX Font Info:    Overwriting symbol font `symbolsC' in version `bold'
(Font)                  U/ntxsyc/m/n --> U/ntxsyc/b/n on input line 615.
Now handling font encoding LMX ...
... no UTF-8 mapping file for font encoding LMX
LaTeX Font Info:    Redeclaring symbol font `largesymbols' on input line 628.
LaTeX Font Info:    Encoding `OMX' has changed to `LMX' for symbol font
(Font)              `largesymbols' in the math version `normal' on input line 628.
LaTeX Font Info:    Overwriting symbol font `largesymbols' in version `normal'
(Font)                  OMX/cmex/m/n --> LMX/ntxexx/m/n on input line 628.
LaTeX Font Info:    Encoding `OMX' has changed to `LMX' for symbol font
(Font)              `largesymbols' in the math version `bold' on input line 628.
LaTeX Font Info:    Overwriting symbol font `largesymbols' in version `bold'
(Font)                  OMX/cmex/m/n --> LMX/ntxexx/m/n on input line 628.
LaTeX Font Info:    Overwriting symbol font `largesymbols' in version `bold'
(Font)                  LMX/ntxexx/m/n --> LMX/ntxexx/b/n on input line 629.
\symlargesymbolsTXA=\mathgroup9
LaTeX Font Info:    Overwriting symbol font `largesymbolsTXA' in version `bold'
(Font)                  U/ntxexa/m/n --> U/ntxexa/b/n on input line 643.
\tx@sbptoks=\toks35
LaTeX Font Info:    Redeclaring math delimiter \lfloor on input line 866.
LaTeX Font Info:    Redeclaring math delimiter \rfloor on input line 867.
LaTeX Font Info:    Redeclaring math delimiter \lceil on input line 868.
LaTeX Font Info:    Redeclaring math delimiter \rceil on input line 869.
LaTeX Font Info:    Redeclaring math delimiter \lbrace on input line 870.
LaTeX Font Info:    Redeclaring math delimiter \rbrace on input line 871.
LaTeX Font Info:    Redeclaring math delimiter \langle on input line 872.
LaTeX Font Info:    Redeclaring math delimiter \rangle on input line 874.
LaTeX Font Info:    Redeclaring math delimiter \arrowvert on input line 878.
LaTeX Font Info:    Redeclaring math delimiter \vert on input line 879.
LaTeX Font Info:    Redeclaring math accent \dot on input line 950.
LaTeX Font Info:    Redeclaring math accent \ddot on input line 951.
LaTeX Font Info:    Redeclaring math accent \vec on input line 2020.
LaTeX Info: Redefining \Bbbk on input line 2810.
LaTeX Info: Redefining \not on input line 2959.
LaTeX Info: Redefining \textsquare on input line 2989.
LaTeX Info: Redefining \openbox on input line 2991.
) (c:/texlive/2023/texmf-dist/tex/latex/caption/caption.sty
Package: caption 2023/03/12 v3.6j Customizing captions (AR)
 (c:/texlive/2023/texmf-dist/tex/latex/caption/caption3.sty
Package: caption3 2023/03/12 v2.4 caption3 kernel (AR)
\caption@tempdima=\dimen181
\captionmargin=\dimen182
\caption@leftmargin=\dimen183
\caption@rightmargin=\dimen184
\caption@width=\dimen185
\caption@indent=\dimen186
\caption@parindent=\dimen187
\caption@hangindent=\dimen188
Package caption Info: AMS or SMF document class detected.
 (c:/texlive/2023/texmf-dist/tex/latex/caption/caption-ams-smf.sto
File: caption-ams-smf.sto 2020/08/22 v2.0 Adaption of the caption package to the AMS and SMF document classes (AR)
))
\c@caption@flags=\count303
\c@continuedfloat=\count304
Package caption Info: hyperref package is loaded.
) (c:/texlive/2023/texmf-dist/tex/latex/float/float.sty
Package: float 2001/11/08 v1.3d Float enhancements (AL)
\c@float@type=\count305
\float@exts=\toks36
\float@box=\box55
\@float@everytoks=\toks37
\@floatcapt=\box56
)
\@float@every@sidebar=\toks38
\c@sidebar=\count306
\fulltextwidth=\dimen189
\@ACM@labelwidth=\dimen190
\listisep=\skip62
\num@authorgroups=\count307
\num@authors=\count308
\@ACM@badge@width=\skip63
\@ACM@title@width=\skip64
\@ACM@badge@skip=\skip65
Class acmart Info: Printing CCS on input line 1699.
Class acmart Info: Printing bibformat on input line 1699.
Class acmart Info: Suppressing folios on input line 1706.
Class acmart Info: Setting authorsperrow to 0 on input line 1709.
 (c:/texlive/2023/texmf-dist/tex/latex/comment/comment.sty
\CommentStream=\write3
 Excluding comment 'comment') Excluding comment 'CCSXML'
\c@@concepts=\count309
\mktitle@bx=\box57
\@ACM@acmcpbox=\box58
\@ACM@commabox=\box59
\author@bx=\box60
\author@bx@wd=\dimen191
\author@bx@sep=\skip66
 (c:/texlive/2023/texmf-dist/tex/latex/fancyhdr/fancyhdr.sty
Package: fancyhdr 2022/11/09 v4.1 Extensive control of page headers and footers
\f@nch@headwidth=\skip67
\f@nch@O@elh=\skip68
\f@nch@O@erh=\skip69
\f@nch@O@olh=\skip70
\f@nch@O@orh=\skip71
\f@nch@O@elf=\skip72
\f@nch@O@erf=\skip73
\f@nch@O@olf=\skip74
\f@nch@O@orf=\skip75
)
\@folio@wd=\dimen192
\@folio@ht=\dimen193
\@folio@voffset=\dimen194
 Special comment 'acks'
LaTeX Font Info:    Trying to load font information for T1+LinuxLibertineT-TLF on input line 3530.
 (c:/texlive/2023/texmf-dist/tex/latex/libertine/T1LinuxLibertineT-TLF.fd
File: T1LinuxLibertineT-TLF.fd 2017/03/20 (autoinst) Font definitions for T1/LinuxLibertineT-TLF.
)
LaTeX Font Info:    Font shape `T1/LinuxLibertineT-TLF/m/n' will be
(Font)              scaled to size 9.0pt on input line 3530.
) (c:/texlive/2023/texmf-dist/tex/latex/algorithms/algorithm.sty
Package: algorithm 2009/08/24 v0.1 Document Style `algorithm' - floating environment
\@float@every@algorithm=\toks39
\c@algorithm=\count310
) (c:/texlive/2023/texmf-dist/tex/latex/algorithmicx/algpseudocode.sty
Package: algpseudocode 
 (c:/texlive/2023/texmf-dist/tex/latex/algorithmicx/algorithmicx.sty
Package: algorithmicx 2005/04/27 v1.2 Algorithmicx

Document Style algorithmicx 1.2 - a greatly improved `algorithmic' style
\c@ALG@line=\count311
\c@ALG@rem=\count312
\c@ALG@nested=\count313
\ALG@tlm=\skip76
\ALG@thistlm=\skip77
\c@ALG@Lnr=\count314
\c@ALG@blocknr=\count315
\c@ALG@storecount=\count316
\c@ALG@tmpcounter=\count317
\ALG@tmplength=\skip78
)
Document Style - pseudocode environments for use with the `algorithmicx' style
) (c:/texlive/2023/texmf-dist/tex/latex/lipsum/lipsum.sty (c:/texlive/2023/texmf-dist/tex/latex/l3packages/l3keys2e/l3keys2e.sty (c:/texlive/2023/texmf-dist/tex/latex/l3kernel/expl3.sty
Package: expl3 2023-02-22 L3 programming layer (loader) 
 (c:/texlive/2023/texmf-dist/tex/latex/l3backend/l3backend-pdftex.def
File: l3backend-pdftex.def 2023-01-16 L3 backend support: PDF output (pdfTeX)
\l__color_backend_stack_int=\count318
\l__pdf_internal_box=\box61
))
Package: l3keys2e 2023-02-02 LaTeX2e option processing using LaTeX3 keys
)
Package: lipsum 2021-09-20 v2.7 150 paragraphs of Lorem Ipsum dummy text
\g__lipsum_par_int=\count319
\l__lipsum_a_int=\count320
\l__lipsum_b_int=\count321
 (c:/texlive/2023/texmf-dist/tex/latex/lipsum/lipsum.ltd.tex)) (c:/texlive/2023/texmf-dist/tex/latex/tools/multicol.sty
Package: multicol 2021/11/30 v1.9d multicolumn formatting (FMi)
\c@tracingmulticols=\count322
\mult@box=\box62
\multicol@leftmargin=\dimen195
\c@unbalance=\count323
\c@collectmore=\count324
\doublecol@number=\count325
\multicoltolerance=\count326
\multicolpretolerance=\count327
\full@width=\dimen196
\page@free=\dimen197
\premulticols=\dimen198
\postmulticols=\dimen199
\multicolsep=\skip79
\multicolbaselineskip=\skip80
\partial@page=\box63
\last@line=\box64
\maxbalancingoverflow=\dimen256
\mult@rightbox=\box65
\mult@grightbox=\box66
\mult@firstbox=\box67
\mult@gfirstbox=\box68
\@tempa=\box69
\@tempa=\box70
\@tempa=\box71
\@tempa=\box72
\@tempa=\box73
\@tempa=\box74
\@tempa=\box75
\@tempa=\box76
\@tempa=\box77
\@tempa=\box78
\@tempa=\box79
\@tempa=\box80
\@tempa=\box81
\@tempa=\box82
\@tempa=\box83
\@tempa=\box84
\@tempa=\box85
\@tempa=\box86
\@tempa=\box87
\@tempa=\box88
\@tempa=\box89
\@tempa=\box90
\@tempa=\box91
\@tempa=\box92
\@tempa=\box93
\@tempa=\box94
\@tempa=\box95
\@tempa=\box96
\@tempa=\box97
\@tempa=\box98
\@tempa=\box99
\@tempa=\box100
\@tempa=\box101
\@tempa=\box102
\@tempa=\box103
\@tempa=\box104
\c@minrows=\count328
\c@columnbadness=\count329
\c@finalcolumnbadness=\count330
\last@try=\dimen257
\multicolovershoot=\dimen258
\multicolundershoot=\dimen259
\mult@nat@firstbox=\box105
\colbreak@box=\box106
\mc@col@check@num=\count331
) (c:/texlive/2023/texmf-dist/tex/latex/cleveref/cleveref.sty
Package: cleveref 2018/03/27 v0.21.4 Intelligent cross-referencing
Package cleveref Info: `hyperref' support loaded on input line 2370.
LaTeX Info: Redefining \cref on input line 2370.
LaTeX Info: Redefining \Cref on input line 2370.
LaTeX Info: Redefining \crefrange on input line 2370.
LaTeX Info: Redefining \Crefrange on input line 2370.
LaTeX Info: Redefining \cpageref on input line 2370.
LaTeX Info: Redefining \Cpageref on input line 2370.
LaTeX Info: Redefining \cpagerefrange on input line 2370.
LaTeX Info: Redefining \Cpagerefrange on input line 2370.
LaTeX Info: Redefining \labelcref on input line 2370.
LaTeX Info: Redefining \labelcpageref on input line 2370.
Package cleveref Info: `amsthm' support loaded on input line 3026.
Package cleveref Info: `algorithmicx' support loaded on input line 3120.
) (c:/texlive/2023/texmf-dist/tex/latex/fancybox/fancybox.sty
Package: fancybox 2010/05/15 1.4

Style option: `fancybox' v1.4 <2010/05/15> (tvz)
\@fancybox=\box107
\shadowsize=\dimen260
\@Sbox=\box108
\do@VerbBox=\toks40
\the@fancyput=\toks41
\this@fancyput=\toks42
\EndVerbatimTokens=\toks43
\Verbatim@Outfile=\write4
\Verbatim@Infile=\read3
) (c:/texlive/2023/texmf-dist/tex/latex/makecell/makecell.sty
Package: makecell 2009/08/03 V0.1e Managing of Tab Column Heads and Cells
 (c:/texlive/2023/texmf-dist/tex/latex/tools/array.sty
Package: array 2022/09/04 v2.5g Tabular extension package (FMi)
\col@sep=\dimen261
\ar@mcellbox=\box109
\extrarowheight=\dimen262
\NC@list=\toks44
\extratabsurround=\skip81
\backup@length=\skip82
\ar@cellbox=\box110
)
\rotheadsize=\dimen263
\c@nlinenum=\count332
\TeXr@lab=\toks45
) (c:/texlive/2023/texmf-dist/tex/latex/arydshln/arydshln.sty
Package: arydshln 2019/02/21 v1.76 
\dashlinedash=\dimen264
\dashlinegap=\dimen265
\adl@box=\box111
\adl@height=\dimen266
\adl@heightsave=\dimen267
\adl@depth=\dimen268
\adl@depthsave=\dimen269
\adl@finaldepth=\dimen270
\adl@columns=\count333
\adl@ncol=\count334
\adl@currentcolumn=\count335
\adl@currentcolumnsave=\count336
\adl@totalheight=\count337
\adl@totalheightsave=\count338
\adl@dash=\count339
\adl@gap=\count340
\adl@cla=\count341
\adl@clb=\count342
\adl@everyvbox=\toks46
\adl@LTpagetotal=\dimen271
) (c:/texlive/2023/texmf-dist/tex/latex/subfig/subfig.sty
Package: subfig 2005/06/28 ver: 1.3 subfig package
\c@KVtest=\count343
\sf@farskip=\skip83
\sf@captopadj=\dimen272
\sf@capskip=\skip84
\sf@nearskip=\skip85
\c@subfigure=\count344
\c@subfigure@save=\count345
\c@lofdepth=\count346
\c@subtable=\count347
\c@subtable@save=\count348
\c@lotdepth=\count349
\sf@top=\skip86
\sf@bottom=\skip87
) (c:/texlive/2023/texmf-dist/tex/latex/multirow/multirow.sty
Package: multirow 2021/03/15 v2.8 Span multiple rows of a table
\multirow@colwidth=\skip88
\multirow@cntb=\count350
\multirow@dima=\skip89
\bigstrutjot=\dimen273
) (c:/texlive/2023/texmf-dist/tex/latex/threeparttable/threeparttable.sty
Package: threeparttable 2003/06/13  v 3.0
\@tempboxb=\box112
) (c:/texlive/2023/texmf-dist/tex/latex/autobreak/autobreak.sty
Package: autobreak 2017/02/23 v0.3 simple line breaking of long formulae
\everybeforeautobreak=\toks47
\everyafterautobreak=\toks48
\@autobreak@alltoks=\toks49
\@autobreak@linetoks=\toks50
\@autobreak@lhswidth=\dimen274
\@autobreak@rhswidth=\dimen275
\@autobreak@maxlhswidth=\dimen276
\@autobreak@realmaxlhswidth=\dimen277
\@autobreak@maxrhswidth=\dimen278
\c@@autobreak@eqnindex=\count351
\c@@autobreak@subeqnindex=\count352
 (c:/texlive/2023/texmf-dist/tex/generic/catchfile/catchfile.sty
Package: catchfile 2019/12/09 v1.8 Catch the contents of a file (HO)
)) (./macro.tex
\c@theorem=\count353
\c@construction=\count354
)
Package hyperref Info: Option `pdfdisplaydoctitle' set `true' on input line 85.
 (c:/texlive/2023/texmf-dist/tex/latex/preprint/balance.sty
Package: balance 1999/02/23 4.3 (PWD)
\oldvsize=\dimen279
) Excluding comment 'screenonly' Include comment 'printonly' Include comment 'anonsuppress' (./main.aux)
\openout1 = `main.aux'.

LaTeX Font Info:    Checking defaults for OML/nxlmi/m/it on input line 85.
LaTeX Font Info:    Trying to load font information for OML+nxlmi on input line 85.
 (c:/texlive/2023/texmf-dist/tex/latex/newtx/omlnxlmi.fd
File: omlnxlmi.fd 2013/11/19 Fontinst v1.933 font definitions for OML/nxlmi.
)
LaTeX Font Info:    ... okay on input line 85.
LaTeX Font Info:    Checking defaults for OMS/cmsy/m/n on input line 85.
LaTeX Font Info:    ... okay on input line 85.
LaTeX Font Info:    Checking defaults for OT1/cmr/m/n on input line 85.
LaTeX Font Info:    ... okay on input line 85.
LaTeX Font Info:    Checking defaults for T1/cmr/m/n on input line 85.
LaTeX Font Info:    ... okay on input line 85.
LaTeX Font Info:    Checking defaults for TS1/cmr/m/n on input line 85.
LaTeX Font Info:    ... okay on input line 85.
LaTeX Font Info:    Checking defaults for OMX/cmex/m/n on input line 85.
LaTeX Font Info:    ... okay on input line 85.
LaTeX Font Info:    Checking defaults for U/ntxexa/m/n on input line 85.
LaTeX Font Info:    Trying to load font information for U+ntxexa on input line 85.
 (c:/texlive/2023/texmf-dist/tex/latex/newtx/untxexa.fd
File: untxexa.fd 2012/04/16 Fontinst v1.933 font definitions for U/ntxexa.
)
LaTeX Font Info:    ... okay on input line 85.
LaTeX Font Info:    Checking defaults for PD1/pdf/m/n on input line 85.
LaTeX Font Info:    ... okay on input line 85.
LaTeX Font Info:    Checking defaults for PU/pdf/m/n on input line 85.
LaTeX Font Info:    ... okay on input line 85.
LaTeX Font Info:    Checking defaults for LMS/ntxsy/m/n on input line 85.
LaTeX Font Info:    Trying to load font information for LMS+ntxsy on input line 85.
 (c:/texlive/2023/texmf-dist/tex/latex/newtx/lmsntxsy.fd
File: lmsntxsy.fd 2016/07/02 Fontinst v1.933 font definitions for LMS/ntxsy.
)
LaTeX Font Info:    ... okay on input line 85.
LaTeX Font Info:    Checking defaults for LMX/ntxexx/m/n on input line 85.
LaTeX Font Info:    Trying to load font information for LMX+ntxexx on input line 85.
 (c:/texlive/2023/texmf-dist/tex/latex/newtx/lmxntxexx.fd
File: lmxntxexx.fd 2016/07/03 Fontinst v1.933 font definitions for LMX/ntxexx.
)
LaTeX Font Info:    ... okay on input line 85.
LaTeX Font Info:    Font shape `T1/LinuxLibertineT-TLF/m/n' will be
(Font)              scaled to size 7.0pt on input line 85.
LaTeX Font Info:    Trying to load font information for OT1+LinuxLibertineT-TLF on input line 85.
 (c:/texlive/2023/texmf-dist/tex/latex/libertine/OT1LinuxLibertineT-TLF.fd
File: OT1LinuxLibertineT-TLF.fd 2017/03/20 (autoinst) Font definitions for OT1/LinuxLibertineT-TLF.
)
LaTeX Font Info:    Font shape `OT1/LinuxLibertineT-TLF/m/n' will be
(Font)              scaled to size 7.3pt on input line 85.
<<ot1.cmap>>
LaTeX Font Info:    Font shape `OT1/LinuxLibertineT-TLF/m/n' will be
(Font)              scaled to size 5.5pt on input line 85.
<<oml.cmap>>
LaTeX Font Info:    Trying to load font information for U+msa on input line 85.
 (c:/texlive/2023/texmf-dist/tex/latex/amsfonts/umsa.fd
File: umsa.fd 2013/01/14 v3.01 AMS symbols A
)
LaTeX Font Info:    Trying to load font information for U+msb on input line 85.
 (c:/texlive/2023/texmf-dist/tex/latex/amsfonts/umsb.fd
File: umsb.fd 2013/01/14 v3.01 AMS symbols B
)
LaTeX Font Info:    Trying to load font information for U+ntxmia on input line 85.
 (c:/texlive/2023/texmf-dist/tex/latex/newtx/untxmia.fd
File: untxmia.fd 2018/04/14 Fontinst v1.933 font definitions for U/ntxmia.
)
LaTeX Font Info:    Trying to load font information for U+ntxsym on input line 85.
 (c:/texlive/2023/texmf-dist/tex/latex/newtx/untxsym.fd
File: untxsym.fd 2015/03/20 Fontinst v1.933 font definitions for U/ntxsym.
)
LaTeX Font Info:    Trying to load font information for U+ntxsyc on input line 85.
 (c:/texlive/2023/texmf-dist/tex/latex/newtx/untxsyc.fd
File: untxsyc.fd 2012/04/12 Fontinst v1.933 font definitions for U/ntxsyc.
)
LaTeX Info: Command `\dddot' is already robust on input line 85.
LaTeX Info: Command `\ddddot' is already robust on input line 85.
LaTeX Info: Redefining \microtypecontext on input line 85.
Package microtype Info: Applying patch `item' on input line 85.
Package microtype Info: Applying patch `toc' on input line 85.
Package microtype Info: Applying patch `eqnum' on input line 85.
Package microtype Info: Applying patch `footnote' on input line 85.
Package microtype Info: Applying patch `verbatim' on input line 85.
Package microtype Info: Generating PDF output.
Package microtype Info: Character protrusion enabled (level 2).
Package microtype Info: Using default protrusion set `alltext'.
Package microtype Info: Automatic font expansion enabled (level 2),
(microtype)             stretch: 20, shrink: 20, step: 1, non-selected.
Package microtype Info: Using default expansion set `alltext-nott'.
LaTeX Info: Redefining \showhyphens on input line 85.
Package microtype Info: No adjustment of tracking.
Package microtype Info: No adjustment of interword spacing.
Package microtype Info: No adjustment of character kerning.
Package microtype Info: Loading generic protrusion settings for font family
(microtype)             `LinuxLibertineT-TLF' (encoding: T1).
(microtype)             For optimal results, create family-specific settings.
(microtype)             See the microtype manual for details.
Package hyperref Info: Link coloring OFF on input line 85.
 (./main.out) (./main.out)
\@outlinefile=\write5
\openout5 = `main.out'.

 (c:/texlive/2023/texmf-dist/tex/context/base/mkii/supp-pdf.mkii
[Loading MPS to PDF converter (version 2006.09.02).]
\scratchcounter=\count355
\scratchdimen=\dimen280
\scratchbox=\box113
\nofMPsegments=\count356
\nofMParguments=\count357
\everyMPshowfont=\toks51
\MPscratchCnt=\count358
\MPscratchDim=\dimen281
\MPnumerator=\count359
\makeMPintoPDFobject=\count360
\everyMPtoPDFconversion=\toks52
) (c:/texlive/2023/texmf-dist/tex/latex/epstopdf-pkg/epstopdf-base.sty
Package: epstopdf-base 2020-01-24 v2.11 Base part for package epstopdf
Package epstopdf-base Info: Redefining graphics rule for `.eps' on input line 485.
 (c:/texlive/2023/texmf-dist/tex/latex/latexconfig/epstopdf-sys.cfg
File: epstopdf-sys.cfg 2010/07/13 v1.3 Configuration of (r)epstopdf for TeX Live
))
*geometry* driver: auto-detecting
*geometry* detected driver: pdftex
*geometry* verbose mode - [ preamble ] result:
* driver: pdftex
* paper: custom
* layout: <same size as paper>
* layoutoffset:(h,v)=(0.0pt,0.0pt)
* modes: includehead includefoot twoside heightrounded 
* h-part:(L,W,R)=(54.0pt, 506.295pt, 54.0pt)
* v-part:(T,H,B)=(57.0pt, 664.96999pt, 73.0pt)
* \paperwidth=614.295pt
* \paperheight=794.96999pt
* \textwidth=506.295pt
* \textheight=626.0pt
* \oddsidemargin=-18.26999pt
* \evensidemargin=-18.26999pt
* \topmargin=-15.26999pt
* \headheight=13.0pt
* \headsep=14.0pt
* \topskip=10.0pt
* \footskip=12.0pt
* \marginparwidth=24.0pt
* \marginparsep=11.0pt
* \columnsep=24.0pt
* \skip\footins=7.0pt plus 11.0pt
* \hoffset=0.0pt
* \voffset=0.0pt
* \mag=1000
* \@twocolumnfalse
* \@twosidetrue
* \@mparswitchtrue
* \@reversemarginfalse
* (1in=72.27pt=25.4mm, 1cm=28.453pt)

\c@mv@tabular=\count361
\c@mv@boldtabular=\count362
(c:/texlive/2023/texmf-dist/tex/latex/upquote/upquote.sty
Package: upquote 2012/04/19 v1.3 upright-quote and grave-accent glyphs in verbatim
)
Package caption Info: Begin \AtBeginDocument code.
Package caption Info: subfig package v1.3 is loaded.
Package caption Info: float package is loaded.
Package caption Info: threeparttable package is loaded.
Package caption Info: End \AtBeginDocument code.
 Excluding 'CCSXML' comment.
LaTeX Font Info:    Font shape `T1/LinuxLibertineT-TLF/m/n' will be
(Font)              scaled to size 17.28pt on input line 161.
LaTeX Font Info:    Trying to load font information for T1+LinuxBiolinumT-TLF on input line 161.
 (c:/texlive/2023/texmf-dist/tex/latex/libertine/T1LinuxBiolinumT-TLF.fd
File: T1LinuxBiolinumT-TLF.fd 2017/03/20 (autoinst) Font definitions for T1/LinuxBiolinumT-TLF.
)
LaTeX Font Info:    Font shape `T1/LinuxBiolinumT-TLF/m/n' will be
(Font)              scaled to size 17.28pt on input line 161.
Package microtype Info: Loading generic protrusion settings for font family
(microtype)             `LinuxBiolinumT-TLF' (encoding: T1).
(microtype)             For optimal results, create family-specific settings.
(microtype)             See the microtype manual for details.
LaTeX Font Info:    Font shape `T1/LinuxBiolinumT-TLF/b/n' will be
(Font)              scaled to size 17.28pt on input line 161.
LaTeX Font Info:    Font shape `T1/LinuxLibertineT-TLF/m/n' will be
(Font)              scaled to size 12.0pt on input line 161.
LaTeX Font Info:    Font shape `OT1/LinuxLibertineT-TLF/m/n' will be
(Font)              scaled to size 12.0pt on input line 161.
Package microtype Info: Loading generic protrusion settings for font family
(microtype)             `LinuxLibertineT-TLF' (encoding: OT1).
(microtype)             For optimal results, create family-specific settings.
(microtype)             See the microtype manual for details.
LaTeX Font Info:    Font shape `OT1/LinuxLibertineT-TLF/m/n' will be
(Font)              scaled to size 8.8pt on input line 161.
LaTeX Font Info:    Font shape `OT1/LinuxLibertineT-TLF/m/n' will be
(Font)              scaled to size 6.6pt on input line 161.
 (c:/texlive/2023/texmf-dist/tex/latex/microtype/mt-msa.cfg
File: mt-msa.cfg 2006/02/04 v1.1 microtype config. file: AMS symbols (a) (RS)
) (c:/texlive/2023/texmf-dist/tex/latex/microtype/mt-msb.cfg
File: mt-msb.cfg 2005/06/01 v1.0 microtype config. file: AMS symbols (b) (RS)
)
LaTeX Font Info:    Trying to load font information for TS1+LinuxLibertineT-TLF on input line 161.
 (c:/texlive/2023/texmf-dist/tex/latex/libertine/TS1LinuxLibertineT-TLF.fd
File: TS1LinuxLibertineT-TLF.fd 2017/03/20 (autoinst) Font definitions for TS1/LinuxLibertineT-TLF.
)
LaTeX Font Info:    Font shape `TS1/LinuxLibertineT-TLF/m/n' will be
(Font)              scaled to size 8.8pt on input line 161.
Package microtype Info: Loading generic protrusion settings for font family
(microtype)             `LinuxLibertineT-TLF' (encoding: TS1).
(microtype)             For optimal results, create family-specific settings.
(microtype)             See the microtype manual for details.
LaTeX Font Info:    Font shape `T1/LinuxLibertineT-TLF/m/n' will be
(Font)              scaled to size 10.0pt on input line 161.
LaTeX Font Info:    Font shape `OT1/LinuxLibertineT-TLF/m/n' will be
(Font)              scaled to size 10.0pt on input line 161.
LaTeX Font Info:    Font shape `T1/LinuxLibertineT-TLF/m/n' will be
(Font)              scaled to size 5.5pt on input line 161.
LaTeX Font Info:    Font shape `TS1/LinuxLibertineT-TLF/m/n' will be
(Font)              scaled to size 5.5pt on input line 161.
LaTeX Font Info:    Font shape `T1/LinuxLibertineT-TLF/m/it' will be
(Font)              scaled to size 7.0pt on input line 161.
LaTeX Font Info:    Font shape `TS1/LinuxLibertineT-TLF/m/n' will be
(Font)              scaled to size 7.0pt on input line 161.
LaTeX Font Info:    Font shape `T1/LinuxLibertineT-TLF/b/n' will be
(Font)              scaled to size 9.0pt on input line 161.
LaTeX Font Info:    Font shape `T1/LinuxLibertineT-TLF/b/n' will be
(Font)              scaled to size 10.95pt on input line 161.
LaTeX Font Info:    Font shape `TS1/LinuxLibertineT-TLF/m/n' will be
(Font)              scaled to size 9.0pt on input line 161.
LaTeX Font Info:    Font shape `OT1/LinuxLibertineT-TLF/m/n' will be
(Font)              scaled to size 9.0pt on input line 161.
LaTeX Font Info:    Font shape `T1/LinuxLibertineT-TLF/m/n' will be
(Font)              scaled to size 8.0pt on input line 161.
LaTeX Font Info:    Font shape `T1/LinuxLibertineT-TLF/b/n' will be
(Font)              scaled to size 8.0pt on input line 161.
LaTeX Font Info:    Font shape `T1/LinuxLibertineT-TLF/m/it' will be
(Font)              scaled to size 8.0pt on input line 161.
LaTeX Font Info:    Font shape `OT1/LinuxLibertineT-TLF/m/n' will be
(Font)              scaled to size 8.0pt on input line 161.
LaTeX Font Info:    Font shape `OT1/LinuxLibertineT-TLF/m/n' will be
(Font)              scaled to size 6.2pt on input line 161.
 (./sec_prelim.tex
LaTeX Font Info:    Font shape `T1/LinuxLibertineT-TLF/m/it' will be
(Font)              scaled to size 9.0pt on input line 7.
LaTeX Font Info:    Font shape `T1/LinuxLibertineT-TLF/m/sc' will be
(Font)              scaled to size 9.0pt on input line 12.
LaTeX Font Info:    Font shape `T1/LinuxBiolinumT-TLF/m/n' will be
(Font)              scaled to size 9.0pt on input line 19.
LaTeX Font Info:    Font shape `T1/LinuxBiolinumT-TLF/m/n' will be
(Font)              scaled to size 7.3pt on input line 19.
LaTeX Font Info:    Font shape `T1/LinuxBiolinumT-TLF/m/n' will be
(Font)              scaled to size 5.5pt on input line 19.
LaTeX Font Info:    Font shape `T1/LinuxLibertineT-TLF/b/it' will be
(Font)              scaled to size 9.0pt on input line 31.

Overfull \hbox (1.58498pt too wide) in paragraph at lines 35--36
[]\T1/LinuxLibertineT-TLF/m/it/9 (-20) The ad-ver-sary pro-duces two point func-tion de-scrip-tions $\LMS/ntxsy/m/n/9 ¹[] \U/ntxmia/m/it/9 =
 []


Overfull \hbox (13.71191pt too wide) in paragraph at lines 36--37
[]\T1/LinuxLibertineT-TLF/m/it/9 (-20) The chal-lenger sam-ples $\OML/nxlmi/m/it/9 b \LMS/ntxsy/m/n/9   f\OT1/LinuxLibertineT-TLF/m/n/9 (-20) 0\OML/nxlmi/m/it/9 ; \OT1/LinuxLibertineT-TLF/m/n/9 (-20) 1\LMS/ntxsy/m/n/9 g$ \T1/LinuxLibertineT-TLF/m/it/9 (-20) and $\LMS/ntxsy/m/n/9 ¹\OML/nxlmi/m/it/9 k[]; k[]\LMS/ntxsy/m/n/9 º   []¹\OT1/LinuxLibertineT-TLF/m/n/9 (-20) 1[]\OML/nxlmi/m/it/9 ; []\LMS/ntxsy/m/n/9 º$\T1/LinuxLibertineT-TLF/m/it/9 (-20) . 
 []

[1.1{c:/texlive/2023/texmf-var/fonts/map/pdftex/updmap/pdftex.map}{c:/texlive/2023/texmf-dist/fonts/enc/dvips/libertine/lbtn_25tcsq.enc}{c:/texlive/2023/texmf-dist/fonts/enc/dvips/libertine/lbtn_76gpa5.enc}{c:/texlive/2023/texmf-dist/fonts/enc/dvips/libertine/lbtn_naooyc.enc}

{c:/texlive/2023/texmf-dist/fonts/enc/dvips/libertine/lbtn_nh77jq.enc}{c:/texlive/2023/texmf-dist/fonts/enc/dvips/libertine/lbtn_7grukw.enc}{c:/texlive/2023/texmf-dist/fonts/enc/dvips/libertine/lbtn_oexx6f.enc}{c:/texlive/2023/texmf-dist/fonts/enc/dvips/libertine/lbtn_ncsllp.enc}{c:/texlive/2023/texmf-dist/fonts/enc/dvips/libertine/lbtn_ki75ao.enc}]
Overfull \hbox (13.71191pt too wide) in paragraph at lines 71--72
[]\T1/LinuxLibertineT-TLF/m/it/9 (-20) The chal-lenger sam-ples $\OML/nxlmi/m/it/9 b \LMS/ntxsy/m/n/9   f\OT1/LinuxLibertineT-TLF/m/n/9 (-20) 0\OML/nxlmi/m/it/9 ; \OT1/LinuxLibertineT-TLF/m/n/9 (-20) 1\LMS/ntxsy/m/n/9 g$ \T1/LinuxLibertineT-TLF/m/it/9 (-20) and $\LMS/ntxsy/m/n/9 ¹\OML/nxlmi/m/it/9 k[]; k[]\LMS/ntxsy/m/n/9 º   []¹\OT1/LinuxLibertineT-TLF/m/n/9 (-20) 1[]\OML/nxlmi/m/it/9 ; []\LMS/ntxsy/m/n/9 º$\T1/LinuxLibertineT-TLF/m/it/9 (-20) . 
 []


Overfull \hbox (11.8172pt too wide) in paragraph at lines 86--87
[]$[][]\LMS/ntxsy/m/n/9 ¹\OML/nxlmi/m/it/9 k[]\LMS/ntxsy/m/n/9 º ! \OML/nxlmi/m/it/9 Y[]$\T1/LinuxLibertineT-TLF/m/it/9 (-20) : Com-pute $\OML/nxlmi/m/it/9 Y[] \U/ntxmia/m/it/9 = [][]$\T1/LinuxLibertineT-TLF/m/it/9 (-20) DPF$\OML/nxlmi/m/it/9 :[][]\LMS/ntxsy/m/n/9 ¹\OML/nxlmi/m/it/9 k[]; x\LMS/ntxsy/m/n/9 º$\T1/LinuxLibertineT-TLF/m/it/9 (-20) . 
 []


Underfull \vbox (badness 2050) has occurred while \output is active []

LaTeX Font Info:    Font shape `T1/LinuxBiolinumT-TLF/m/n' will be
(Font)              scaled to size 7.0pt on input line 127.
 [2.2]
LaTeX Font Info:    Font shape `T1/LinuxLibertineT-TLF/m/n' will be
(Font)              scaled to size 7.3pt on input line 141.
LaTeX Font Info:    Calculating math sizes for size <7.3> on input line 141.
LaTeX Font Info:    Font shape `OT1/LinuxLibertineT-TLF/m/n' will be
(Font)              scaled to size 5.32896pt on input line 141.
LaTeX Font Info:    Font shape `OT1/LinuxLibertineT-TLF/m/n' will be
(Font)              scaled to size 4.01501pt on input line 141.
LaTeX Font Info:    Font shape `T1/LinuxBiolinumT-TLF/m/n' will be
(Font)              scaled to size 5.32896pt on input line 141.
LaTeX Font Info:    Font shape `T1/LinuxBiolinumT-TLF/m/n' will be
(Font)              scaled to size 4.01501pt on input line 141.
 [3.3]
Overfull \hbox (4.91591pt too wide) in paragraph at lines 250--251
[]\T1/LinuxLibertineT-TLF/m/n/9 (-20) The most naïve OKVS con-struc-tion is en-cod-ing $\OML/nxlmi/m/it/9 S \U/ntxmia/m/it/9 = \LMS/ntxsy/m/n/9 f¹\OML/nxlmi/m/it/9 k[]; v[]\LMS/ntxsy/m/n/9 ºg[]$
 []

[4.4]

Class acmart Warning: \vspace should only be used to provide space above/below surrounding objects on input line 310.

) (./sec_construction.tex (./paradigm.tex

Class acmart Warning: A possible image without description on input line 42.


Overfull \hbox (6.79999pt too wide) in paragraph at lines 40--42
 [][] 
 []


Class acmart Warning: A possible image without description on input line 78.


Overfull \hbox (6.79999pt too wide) in paragraph at lines 77--78
 [][] 
 []

) [5.5]
Underfull \vbox (badness 10000) has occurred while \output is active []

 [6.6]
Underfull \vbox (badness 1127) has occurred while \output is active []

 [7.7
pdfTeX warning (ext4): destination with the same identifier (name{ALG@line.1}) has been already used, duplicate ignored
<argument> ...shipout:D \box_use:N \l_shipout_box 
                                                  \__shipout_drop_firstpage_...
l.33   \item $
              \sf Correct$ given a depth-$(i-1)$ parent node, its $\sign$ st...
pdfTeX warning (ext4): destination with the same identifier (name{ALG@line.2}) has been already used, duplicate ignored
<argument> ...shipout:D \box_use:N \l_shipout_box 
                                                  \__shipout_drop_firstpage_...
l.33   \item $
              \sf Correct$ given a depth-$(i-1)$ parent node, its $\sign$ st...
pdfTeX warning (ext4): destination with the same identifier (name{ALG@line.3}) has been already used, duplicate ignored
<argument> ...shipout:D \box_use:N \l_shipout_box 
                                                  \__shipout_drop_firstpage_...
l.33   \item $
              \sf Correct$ given a depth-$(i-1)$ parent node, its $\sign$ st...
pdfTeX warning (ext4): destination with the same identifier (name{ALG@line.4}) has been already used, duplicate ignored
<argument> ...shipout:D \box_use:N \l_shipout_box 
                                                  \__shipout_drop_firstpage_...
l.33   \item $
              \sf Correct$ given a depth-$(i-1)$ parent node, its $\sign$ st...
pdfTeX warning (ext4): destination with the same identifier (name{ALG@line.5}) has been already used, duplicate ignored
<argument> ...shipout:D \box_use:N \l_shipout_box 
                                                  \__shipout_drop_firstpage_...
l.33   \item $
              \sf Correct$ given a depth-$(i-1)$ parent node, its $\sign$ st...
pdfTeX warning (ext4): destination with the same identifier (name{ALG@line.6}) has been already used, duplicate ignored
<argument> ...shipout:D \box_use:N \l_shipout_box 
                                                  \__shipout_drop_firstpage_...
l.33   \item $
              \sf Correct$ given a depth-$(i-1)$ parent node, its $\sign$ st...
pdfTeX warning (ext4): destination with the same identifier (name{ALG@line.7}) has been already used, duplicate ignored
<argument> ...shipout:D \box_use:N \l_shipout_box 
                                                  \__shipout_drop_firstpage_...
l.33   \item $
              \sf Correct$ given a depth-$(i-1)$ parent node, its $\sign$ st...
pdfTeX warning (ext4): destination with the same identifier (name{ALG@line.8}) has been already used, duplicate ignored
<argument> ...shipout:D \box_use:N \l_shipout_box 
                                                  \__shipout_drop_firstpage_...
l.33   \item $
              \sf Correct$ given a depth-$(i-1)$ parent node, its $\sign$ st...
pdfTeX warning (ext4): destination with the same identifier (name{ALG@line.9}) has been already used, duplicate ignored
<argument> ...shipout:D \box_use:N \l_shipout_box 
                                                  \__shipout_drop_firstpage_...
l.33   \item $
              \sf Correct$ given a depth-$(i-1)$ parent node, its $\sign$ st...
pdfTeX warning (ext4): destination with the same identifier (name{ALG@line.10}) has been already used, duplicate ignored
<argument> ...shipout:D \box_use:N \l_shipout_box 
                                                  \__shipout_drop_firstpage_...
l.33   \item $
              \sf Correct$ given a depth-$(i-1)$ parent node, its $\sign$ st...
pdfTeX warning (ext4): destination with the same identifier (name{ALG@line.11}) has been already used, duplicate ignored
<argument> ...shipout:D \box_use:N \l_shipout_box 
                                                  \__shipout_drop_firstpage_...
l.33   \item $
              \sf Correct$ given a depth-$(i-1)$ parent node, its $\sign$ st...
pdfTeX warning (ext4): destination with the same identifier (name{ALG@line.12}) has been already used, duplicate ignored
<argument> ...shipout:D \box_use:N \l_shipout_box 
                                                  \__shipout_drop_firstpage_...
l.33   \item $
              \sf Correct$ given a depth-$(i-1)$ parent node, its $\sign$ st...
pdfTeX warning (ext4): destination with the same identifier (name{ALG@line.13}) has been already used, duplicate ignored
<argument> ...shipout:D \box_use:N \l_shipout_box 
                                                  \__shipout_drop_firstpage_...
l.33   \item $
              \sf Correct$ given a depth-$(i-1)$ parent node, its $\sign$ st...
pdfTeX warning (ext4): destination with the same identifier (name{ALG@line.14}) has been already used, duplicate ignored
<argument> ...shipout:D \box_use:N \l_shipout_box 
                                                  \__shipout_drop_firstpage_...
l.33   \item $
              \sf Correct$ given a depth-$(i-1)$ parent node, its $\sign$ st...
pdfTeX warning (ext4): destination with the same identifier (name{ALG@line.15}) has been already used, duplicate ignored
<argument> ...shipout:D \box_use:N \l_shipout_box 
                                                  \__shipout_drop_firstpage_...
l.33   \item $
              \sf Correct$ given a depth-$(i-1)$ parent node, its $\sign$ st...
pdfTeX warning (ext4): destination with the same identifier (name{ALG@line.16}) has been already used, duplicate ignored
<argument> ...shipout:D \box_use:N \l_shipout_box 
                                                  \__shipout_drop_firstpage_...
l.33   \item $
              \sf Correct$ given a depth-$(i-1)$ parent node, its $\sign$ st...
pdfTeX warning (ext4): destination with the same identifier (name{ALG@line.17}) has been already used, duplicate ignored
<argument> ...shipout:D \box_use:N \l_shipout_box 
                                                  \__shipout_drop_firstpage_...
l.33   \item $
              \sf Correct$ given a depth-$(i-1)$ parent node, its $\sign$ st...
pdfTeX warning (ext4): destination with the same identifier (name{ALG@line.18}) has been already used, duplicate ignored
<argument> ...shipout:D \box_use:N \l_shipout_box 
                                                  \__shipout_drop_firstpage_...
l.33   \item $
              \sf Correct$ given a depth-$(i-1)$ parent node, its $\sign$ st...
pdfTeX warning (ext4): destination with the same identifier (name{ALG@line.19}) has been already used, duplicate ignored
<argument> ...shipout:D \box_use:N \l_shipout_box 
                                                  \__shipout_drop_firstpage_...
l.33   \item $
              \sf Correct$ given a depth-$(i-1)$ parent node, its $\sign$ st...
pdfTeX warning (ext4): destination with the same identifier (name{ALG@line.20}) has been already used, duplicate ignored
<argument> ...shipout:D \box_use:N \l_shipout_box 
                                                  \__shipout_drop_firstpage_...
l.33   \item $
              \sf Correct$ given a depth-$(i-1)$ parent node, its $\sign$ st...
pdfTeX warning (ext4): destination with the same identifier (name{ALG@line.21}) has been already used, duplicate ignored
<argument> ...shipout:D \box_use:N \l_shipout_box 
                                                  \__shipout_drop_firstpage_...
l.33   \item $
              \sf Correct$ given a depth-$(i-1)$ parent node, its $\sign$ st...
pdfTeX warning (ext4): destination with the same identifier (name{ALG@line.22}) has been already used, duplicate ignored
<argument> ...shipout:D \box_use:N \l_shipout_box 
                                                  \__shipout_drop_firstpage_...
l.33   \item $
              \sf Correct$ given a depth-$(i-1)$ parent node, its $\sign$ st...
pdfTeX warning (ext4): destination with the same identifier (name{ALG@line.23}) has been already used, duplicate ignored
<argument> ...shipout:D \box_use:N \l_shipout_box 
                                                  \__shipout_drop_firstpage_...
l.33   \item $
              \sf Correct$ given a depth-$(i-1)$ parent node, its $\sign$ st...
pdfTeX warning (ext4): destination with the same identifier (name{ALG@line.24}) has been already used, duplicate ignored
<argument> ...shipout:D \box_use:N \l_shipout_box 
                                                  \__shipout_drop_firstpage_...
l.33   \item $
              \sf Correct$ given a depth-$(i-1)$ parent node, its $\sign$ st...
pdfTeX warning (ext4): destination with the same identifier (name{ALG@line.25}) has been already used, duplicate ignored
<argument> ...shipout:D \box_use:N \l_shipout_box 
                                                  \__shipout_drop_firstpage_...
l.33   \item $
              \sf Correct$ given a depth-$(i-1)$ parent node, its $\sign$ st...] (./big-state.tex
pdfTeX warning (ext4): destination with the same identifier (name{ALG@line.1}) has been already used, duplicate ignored
<to be read again> 
                   \relax 
l.45     \end{algorithmic}}}
                            
pdfTeX warning (ext4): destination with the same identifier (name{ALG@line.2}) has been already used, duplicate ignored
<to be read again> 
                   \relax 
l.45     \end{algorithmic}}}
                            
pdfTeX warning (ext4): destination with the same identifier (name{ALG@line.3}) has been already used, duplicate ignored
<to be read again> 
                   \relax 
l.45     \end{algorithmic}}}
                            
pdfTeX warning (ext4): destination with the same identifier (name{ALG@line.4}) has been already used, duplicate ignored
<to be read again> 
                   \relax 
l.45     \end{algorithmic}}}
                            
pdfTeX warning (ext4): destination with the same identifier (name{ALG@line.5}) has been already used, duplicate ignored
<to be read again> 
                   \relax 
l.45     \end{algorithmic}}}
                            
pdfTeX warning (ext4): destination with the same identifier (name{ALG@line.6}) has been already used, duplicate ignored
<to be read again> 
                   \relax 
l.45     \end{algorithmic}}}
                            
pdfTeX warning (ext4): destination with the same identifier (name{ALG@line.7}) has been already used, duplicate ignored
<to be read again> 
                   \relax 
l.45     \end{algorithmic}}}
                            
pdfTeX warning (ext4): destination with the same identifier (name{ALG@line.8}) has been already used, duplicate ignored
<to be read again> 
                   \relax 
l.45     \end{algorithmic}}}
                            
pdfTeX warning (ext4): destination with the same identifier (name{ALG@line.9}) has been already used, duplicate ignored
<to be read again> 
                   \relax 
l.45     \end{algorithmic}}}
                            
pdfTeX warning (ext4): destination with the same identifier (name{ALG@line.10}) has been already used, duplicate ignored
<to be read again> 
                   \relax 
l.45     \end{algorithmic}}}
                            
pdfTeX warning (ext4): destination with the same identifier (name{ALG@line.11}) has been already used, duplicate ignored
<to be read again> 
                   \relax 
l.45     \end{algorithmic}}}
                            
pdfTeX warning (ext4): destination with the same identifier (name{ALG@line.12}) has been already used, duplicate ignored
<to be read again> 
                   \relax 
l.45     \end{algorithmic}}}
                            
pdfTeX warning (ext4): destination with the same identifier (name{ALG@line.13}) has been already used, duplicate ignored
<to be read again> 
                   \relax 
l.45     \end{algorithmic}}}
                            
pdfTeX warning (ext4): destination with the same identifier (name{ALG@line.14}) has been already used, duplicate ignored
<to be read again> 
                   \relax 
l.45     \end{algorithmic}}}
                            
pdfTeX warning (ext4): destination with the same identifier (name{ALG@line.15}) has been already used, duplicate ignored
<to be read again> 
                   \relax 
l.45     \end{algorithmic}}}
                            
pdfTeX warning (ext4): destination with the same identifier (name{ALG@line.16}) has been already used, duplicate ignored
<to be read again> 
                   \relax 
l.45     \end{algorithmic}}}
                            
pdfTeX warning (ext4): destination with the same identifier (name{ALG@line.17}) has been already used, duplicate ignored
<to be read again> 
                   \relax 
l.45     \end{algorithmic}}}
                            
pdfTeX warning (ext4): destination with the same identifier (name{ALG@line.18}) has been already used, duplicate ignored
<to be read again> 
                   \relax 
l.45     \end{algorithmic}}}
                            
pdfTeX warning (ext4): destination with the same identifier (name{ALG@line.19}) has been already used, duplicate ignored
<to be read again> 
                   \relax 
l.45     \end{algorithmic}}}
                            
pdfTeX warning (ext4): destination with the same identifier (name{ALG@line.20}) has been already used, duplicate ignored
<to be read again> 
                   \relax 
l.45     \end{algorithmic}}}
                            
pdfTeX warning (ext4): destination with the same identifier (name{ALG@line.21}) has been already used, duplicate ignored
<to be read again> 
                   \relax 
l.45     \end{algorithmic}}}
                            
pdfTeX warning (ext4): destination with the same identifier (name{ALG@line.22}) has been already used, duplicate ignored
<to be read again> 
                   \relax 
l.45     \end{algorithmic}}}
                            
pdfTeX warning (ext4): destination with the same identifier (name{ALG@line.23}) has been already used, duplicate ignored
<to be read again> 
                   \relax 
l.45     \end{algorithmic}}}
                            
pdfTeX warning (ext4): destination with the same identifier (name{ALG@line.24}) has been already used, duplicate ignored
<to be read again> 
                   \relax 
l.45     \end{algorithmic}}}
                            
pdfTeX warning (ext4): destination with the same identifier (name{ALG@line.25}) has been already used, duplicate ignored
<to be read again> 
                   \relax 
l.45     \end{algorithmic}}}
                            
pdfTeX warning (ext4): destination with the same identifier (name{ALG@line.26}) has been already used, duplicate ignored
<to be read again> 
                   \relax 
l.45     \end{algorithmic}}}
                            
pdfTeX warning (ext4): destination with the same identifier (name{ALG@line.27}) has been already used, duplicate ignored
<to be read again> 
                   \relax 
l.45     \end{algorithmic}}}
                            
pdfTeX warning (ext4): destination with the same identifier (name{ALG@line.28}) has been already used, duplicate ignored
<to be read again> 
                   \relax 
l.45     \end{algorithmic}}}
                            
pdfTeX warning (ext4): destination with the same identifier (name{ALG@line.29}) has been already used, duplicate ignored
<to be read again> 
                   \relax 
l.45     \end{algorithmic}}}
                            
pdfTeX warning (ext4): destination with the same identifier (name{ALG@line.30}) has been already used, duplicate ignored
<to be read again> 
                   \relax 
l.45     \end{algorithmic}}}
                            

Class acmart Warning: A possible image without description on input line 46.


Overfull \hbox (6.79999pt too wide) in paragraph at lines 45--46
 [][] 
 []

)
Underfull \vbox (badness 10000) has occurred while \output is active []

 [8.8] (./OKVS-based.tex
pdfTeX warning (ext4): destination with the same identifier (name{ALG@line.1}) has been already used, duplicate ignored
<to be read again> 
                   \relax 
l.47     \end{algorithmic}}}
                            
pdfTeX warning (ext4): destination with the same identifier (name{ALG@line.2}) has been already used, duplicate ignored
<to be read again> 
                   \relax 
l.47     \end{algorithmic}}}
                            
pdfTeX warning (ext4): destination with the same identifier (name{ALG@line.3}) has been already used, duplicate ignored
<to be read again> 
                   \relax 
l.47     \end{algorithmic}}}
                            
pdfTeX warning (ext4): destination with the same identifier (name{ALG@line.4}) has been already used, duplicate ignored
<to be read again> 
                   \relax 
l.47     \end{algorithmic}}}
                            
pdfTeX warning (ext4): destination with the same identifier (name{ALG@line.5}) has been already used, duplicate ignored
<to be read again> 
                   \relax 
l.47     \end{algorithmic}}}
                            
pdfTeX warning (ext4): destination with the same identifier (name{ALG@line.6}) has been already used, duplicate ignored
<to be read again> 
                   \relax 
l.47     \end{algorithmic}}}
                            
pdfTeX warning (ext4): destination with the same identifier (name{ALG@line.7}) has been already used, duplicate ignored
<to be read again> 
                   \relax 
l.47     \end{algorithmic}}}
                            
pdfTeX warning (ext4): destination with the same identifier (name{ALG@line.8}) has been already used, duplicate ignored
<to be read again> 
                   \relax 
l.47     \end{algorithmic}}}
                            
pdfTeX warning (ext4): destination with the same identifier (name{ALG@line.9}) has been already used, duplicate ignored
<to be read again> 
                   \relax 
l.47     \end{algorithmic}}}
                            
pdfTeX warning (ext4): destination with the same identifier (name{ALG@line.10}) has been already used, duplicate ignored
<to be read again> 
                   \relax 
l.47     \end{algorithmic}}}
                            
pdfTeX warning (ext4): destination with the same identifier (name{ALG@line.11}) has been already used, duplicate ignored
<to be read again> 
                   \relax 
l.47     \end{algorithmic}}}
                            
pdfTeX warning (ext4): destination with the same identifier (name{ALG@line.12}) has been already used, duplicate ignored
<to be read again> 
                   \relax 
l.47     \end{algorithmic}}}
                            
pdfTeX warning (ext4): destination with the same identifier (name{ALG@line.13}) has been already used, duplicate ignored
<to be read again> 
                   \relax 
l.47     \end{algorithmic}}}
                            
pdfTeX warning (ext4): destination with the same identifier (name{ALG@line.14}) has been already used, duplicate ignored
<to be read again> 
                   \relax 
l.47     \end{algorithmic}}}
                            
pdfTeX warning (ext4): destination with the same identifier (name{ALG@line.15}) has been already used, duplicate ignored
<to be read again> 
                   \relax 
l.47     \end{algorithmic}}}
                            
pdfTeX warning (ext4): destination with the same identifier (name{ALG@line.16}) has been already used, duplicate ignored
<to be read again> 
                   \relax 
l.47     \end{algorithmic}}}
                            
pdfTeX warning (ext4): destination with the same identifier (name{ALG@line.17}) has been already used, duplicate ignored
<to be read again> 
                   \relax 
l.47     \end{algorithmic}}}
                            
pdfTeX warning (ext4): destination with the same identifier (name{ALG@line.18}) has been already used, duplicate ignored
<to be read again> 
                   \relax 
l.47     \end{algorithmic}}}
                            
pdfTeX warning (ext4): destination with the same identifier (name{ALG@line.19}) has been already used, duplicate ignored
<to be read again> 
                   \relax 
l.47     \end{algorithmic}}}
                            
pdfTeX warning (ext4): destination with the same identifier (name{ALG@line.20}) has been already used, duplicate ignored
<to be read again> 
                   \relax 
l.47     \end{algorithmic}}}
                            
pdfTeX warning (ext4): destination with the same identifier (name{ALG@line.21}) has been already used, duplicate ignored
<to be read again> 
                   \relax 
l.47     \end{algorithmic}}}
                            
pdfTeX warning (ext4): destination with the same identifier (name{ALG@line.22}) has been already used, duplicate ignored
<to be read again> 
                   \relax 
l.47     \end{algorithmic}}}
                            
pdfTeX warning (ext4): destination with the same identifier (name{ALG@line.23}) has been already used, duplicate ignored
<to be read again> 
                   \relax 
l.47     \end{algorithmic}}}
                            
pdfTeX warning (ext4): destination with the same identifier (name{ALG@line.24}) has been already used, duplicate ignored
<to be read again> 
                   \relax 
l.47     \end{algorithmic}}}
                            
pdfTeX warning (ext4): destination with the same identifier (name{ALG@line.25}) has been already used, duplicate ignored
<to be read again> 
                   \relax 
l.47     \end{algorithmic}}}
                            
pdfTeX warning (ext4): destination with the same identifier (name{ALG@line.26}) has been already used, duplicate ignored
<to be read again> 
                   \relax 
l.47     \end{algorithmic}}}
                            
pdfTeX warning (ext4): destination with the same identifier (name{ALG@line.27}) has been already used, duplicate ignored
<to be read again> 
                   \relax 
l.47     \end{algorithmic}}}
                            
pdfTeX warning (ext4): destination with the same identifier (name{ALG@line.28}) has been already used, duplicate ignored
<to be read again> 
                   \relax 
l.47     \end{algorithmic}}}
                            
pdfTeX warning (ext4): destination with the same identifier (name{ALG@line.29}) has been already used, duplicate ignored
<to be read again> 
                   \relax 
l.47     \end{algorithmic}}}
                            
pdfTeX warning (ext4): destination with the same identifier (name{ALG@line.30}) has been already used, duplicate ignored
<to be read again> 
                   \relax 
l.47     \end{algorithmic}}}
                            
pdfTeX warning (ext4): destination with the same identifier (name{ALG@line.31}) has been already used, duplicate ignored
<to be read again> 
                   \relax 
l.47     \end{algorithmic}}}
                            
pdfTeX warning (ext4): destination with the same identifier (name{ALG@line.32}) has been already used, duplicate ignored
<to be read again> 
                   \relax 
l.47     \end{algorithmic}}}
                            
pdfTeX warning (ext4): destination with the same identifier (name{ALG@line.33}) has been already used, duplicate ignored
<to be read again> 
                   \relax 
l.47     \end{algorithmic}}}
                            
pdfTeX warning (ext4): destination with the same identifier (name{ALG@line.34}) has been already used, duplicate ignored
<to be read again> 
                   \relax 
l.47     \end{algorithmic}}}
                            

Class acmart Warning: A possible image without description on input line 48.


Overfull \hbox (6.79999pt too wide) in paragraph at lines 47--48
 [][] 
 []

)
Underfull \vbox (badness 10000) has occurred while \output is active []


Overfull \hbox (6.50172pt too wide) in paragraph at lines 115--116
 [][] 
 []


Underfull \vbox (badness 4217) has occurred while \output is active []

 [9.9]) (./sec_app.tex
LaTeX Font Info:    Font shape `OT1/LinuxLibertineT-TLF/m/n' will be
(Font)              scaled to size 10.95pt on input line 20.
LaTeX Font Info:    Font shape `OT1/LinuxLibertineT-TLF/m/n' will be
(Font)              scaled to size 6.1pt on input line 20.
LaTeX Font Info:    Font shape `T1/LinuxBiolinumT-TLF/m/n' will be
(Font)              scaled to size 10.95pt on input line 20.
LaTeX Font Info:    Font shape `T1/LinuxBiolinumT-TLF/m/n' will be
(Font)              scaled to size 8.0pt on input line 20.
LaTeX Font Info:    Font shape `T1/LinuxBiolinumT-TLF/m/n' will be
(Font)              scaled to size 6.1pt on input line 20.


Package hyperref Warning: Token not allowed in a PDF string (Unicode):
(hyperref)                removing `math shift' on input line 20.


Package hyperref Warning: Token not allowed in a PDF string (Unicode):
(hyperref)                removing `math shift' on input line 20.

[10.10] [11.11]
Overfull \hbox (10.08568pt too wide) in paragraph at lines 79--80
[]\T1/LinuxLibertineT-TLF/m/n/9 (-20) Previously, [[]] uses sum of DPFs to in-stan-ti-ate $\LMS/ntxsy/m/n/9 f[][]g[]$
 []


Overfull \hbox (8.47046pt too wide) in paragraph at lines 148--149
\T1/LinuxLibertineT-TLF/m/n/9 (-20) be-comes $\LMS/ntxsy/m/n/9 ¹\OML/nxlmi/m/it/9 ^^U; N; c; t\LMS/ntxsy/m/n/9 º 2 f¹\OT1/LinuxLibertineT-TLF/m/n/9 (-20) 128\OML/nxlmi/m/it/9 ; \OT1/LinuxLibertineT-TLF/m/n/9 (-20) 2[]\OML/nxlmi/m/it/9 ; \OT1/LinuxLibertineT-TLF/m/n/9 (-20) 8\OML/nxlmi/m/it/9 ; \OT1/LinuxLibertineT-TLF/m/n/9 (-20) 5\LMS/ntxsy/m/n/9 º\OML/nxlmi/m/it/9 ; \LMS/ntxsy/m/n/9 ¹\OT1/LinuxLibertineT-TLF/m/n/9 (-20) 128\OML/nxlmi/m/it/9 ; \OT1/LinuxLibertineT-TLF/m/n/9 (-20) 2[]\OML/nxlmi/m/it/9 ; \OT1/LinuxLibertineT-TLF/m/n/9 (-20) 4\OML/nxlmi/m/it/9 ; \OT1/LinuxLibertineT-TLF/m/n/9 (-20) 14\LMS/ntxsy/m/n/9 º\OML/nxlmi/m/it/9 ; \LMS/ntxsy/m/n/9 ¹\OT1/LinuxLibertineT-TLF/m/n/9 (-20) 128\OML/nxlmi/m/it/9 ; \OT1/LinuxLibertineT-TLF/m/n/9 (-20) 2[]\OML/nxlmi/m/it/9 ; \OT1/LinuxLibertineT-TLF/m/n/9 (-20) 2\OML/nxlmi/m/it/9 ; \OT1/LinuxLibertineT-TLF/m/n/9 (-20) 70\LMS/ntxsy/m/n/9 ºg$\T1/LinuxLibertineT-TLF/m/n/9 (-20) .
 []


Overfull \hbox (6.07329pt too wide) in paragraph at lines 152--153
[]\T1/LinuxLibertineT-TLF/m/n/9 (-20) An $\OML/nxlmi/m/it/9 R[]$\T1/LinuxLibertineT-TLF/m/n/9 (-20) -$[]$ in-stance $\OML/nxlmi/m/it/9 a \LMS/ntxsy/m/n/9 ^^A \OML/nxlmi/m/it/9 e$ \T1/LinuxLibertineT-TLF/m/n/9 (-20) can be viewed as a (dual-)$[][]$
 []

[12.12]
Overfull \hbox (5.23415pt too wide) in paragraph at lines 171--172
[]\T1/LinuxLibertineT-TLF/m/n/9 (-20) The client in-vokes $[]\OML/nxlmi/m/it/9 :[]\LMS/ntxsy/m/n/9 ¹\OT1/LinuxLibertineT-TLF/m/n/9 (-20) 1[]\OML/nxlmi/m/it/9 ; []\LMS/ntxsy/m/n/9 º ! ¹\OML/nxlmi/m/it/9 k[]; k[]\LMS/ntxsy/m/n/9 º$\T1/LinuxLibertineT-TLF/m/n/9 (-20) , where
 []


Overfull \hbox (15.24706pt too wide) in paragraph at lines 190--210
 [] 
 []

) Processing 'acks' comment.
Underfull \vbox (badness 10000) has occurred while \output is active []

\openout3 = `comment.cut'.

 Comment 'acks' writing to comment.cut. Straight input of comment.cut. (./comment.cut) (./main.bbl
LaTeX Info: Redefining \tempurl on input line 61.
LaTeX Info: Redefining \tempurl on input line 75.
LaTeX Info: Redefining \tempurl on input line 88.
LaTeX Info: Redefining \tempurl on input line 101.
LaTeX Info: Redefining \tempurl on input line 115.
LaTeX Info: Redefining \tempurl on input line 126.
LaTeX Info: Redefining \tempurl on input line 140.
LaTeX Info: Redefining \tempurl on input line 154.
 [13.13]
LaTeX Info: Redefining \tempurl on input line 168.
LaTeX Info: Redefining \tempurl on input line 190.
LaTeX Info: Redefining \tempurl on input line 210.
LaTeX Info: Redefining \tempurl on input line 232.
LaTeX Info: Redefining \tempurl on input line 246.
LaTeX Info: Redefining \tempurl on input line 260.
LaTeX Info: Redefining \tempurl on input line 273.
) (./sec_security_proof.tex
Overfull \hbox (12.06508pt too wide) detected at line 26
[]
 []

[14.14]
Overfull \hbox (8.31255pt too wide) in paragraph at lines 55--56
[]$[][] \U/ntxmia/m/it/9 = \LMS/ntxsy/m/n/9 f[][]\OML/nxlmi/m/it/9 ; [][]; \LMS/ntxsy/m/n/9 ¹\OML/nxlmi/m/it/9 CW[]\LMS/ntxsy/m/n/9 º[]\OML/nxlmi/m/it/9 ; \LMS/ntxsy/m/n/9 ¹\OML/nxlmi/m/it/9 CW[]\LMS/ntxsy/m/n/9 º[]g$
 []


Overfull \hbox (8.31255pt too wide) in paragraph at lines 56--57
[]$[][] \U/ntxmia/m/it/9 = \LMS/ntxsy/m/n/9 f[][]\OML/nxlmi/m/it/9 ; [][]; \LMS/ntxsy/m/n/9 ¹\OML/nxlmi/m/it/9 CW[]\LMS/ntxsy/m/n/9 º[]\OML/nxlmi/m/it/9 ; \LMS/ntxsy/m/n/9 ¹\OML/nxlmi/m/it/9 CW[]\LMS/ntxsy/m/n/9 º[]g$
 []


Underfull \hbox (badness 1264) in paragraph at lines 56--57
\T1/LinuxLibertineT-TLF/m/n/9 (+20) cor-re-la-tion with $[][]$, and sub-sti-tutes the use of
 []


Underfull \vbox (badness 1478) has occurred while \output is active []


Overfull \hbox (8.31255pt too wide) in paragraph at lines 57--59
[]$[][] \U/ntxmia/m/it/9 = \LMS/ntxsy/m/n/9 f[][]\OML/nxlmi/m/it/9 ; [][]; \LMS/ntxsy/m/n/9 ¹\OML/nxlmi/m/it/9 CW[]\LMS/ntxsy/m/n/9 º[]\OML/nxlmi/m/it/9 ; \LMS/ntxsy/m/n/9 ¹\OML/nxlmi/m/it/9 CW[]\LMS/ntxsy/m/n/9 º[]g$
 []


Underfull \hbox (badness 10000) in paragraph at lines 57--59
\T1/LinuxLibertineT-TLF/m/n/9 (+20) the de-sired cor-re-la-tion with $[][]$, and gen-er-ate
 []


Overfull \hbox (3.70023pt too wide) in paragraph at lines 63--69
[]\LMS/ntxsy/m/n/9 ¹\OT1/LinuxLibertineT-TLF/m/n/9 (-20) 1[]\OML/nxlmi/m/it/9 ; []\LMS/ntxsy/m/n/9 º$\T1/LinuxLibertineT-TLF/m/n/9 (-20) . $[][]$ and $[][]$ are com-puted by $[]\LMS/ntxsy/m/n/9 ¹\OT1/LinuxLibertineT-TLF/m/n/9 (-20) 1[]\OML/nxlmi/m/it/9 ;$
 []


Overfull \hbox (2.82713pt too wide) in paragraph at lines 63--69
[][][]\LMS/ntxsy/m/n/9 ¹\OML/nxlmi/m/it/9 A; B; G[]\LMS/ntxsy/m/n/9 ¹[][]º ^^@ \OML/nxlmi/m/it/9 G[]\LMS/ntxsy/m/n/9 ¹[][]º\OML/nxlmi/m/it/9 ;$ $[][]$\T1/LinuxLibertineT-TLF/m/n/9 (-20) ,
 []


Underfull \hbox (badness 2626) in paragraph at lines 69--74
[]\LMS/ntxsy/m/n/9 ¹\OT1/LinuxLibertineT-TLF/m/n/9 (+20) 1[]\OML/nxlmi/m/it/9 ; []\LMS/ntxsy/m/n/9 º$\T1/LinuxLibertineT-TLF/m/n/9 (+20) . $[][]$ and $[][]$ are com-puted by
 []


Overfull \hbox (2.78534pt too wide) in paragraph at lines 69--74
\T1/LinuxLibertineT-TLF/m/n/9 (-20) with $[][]$, and gen-er-ate $\OML/nxlmi/m/it/9 CW[]$ \T1/LinuxLibertineT-TLF/m/n/9 (-20) by $[][][]\LMS/ntxsy/m/n/9 ¹\OML/nxlmi/m/it/9 A; B;$
 []


Underfull \hbox (badness 1163) in paragraph at lines 74--75
[]$[][] \U/ntxmia/m/it/9 = \LMS/ntxsy/m/n/9 f[][]\OML/nxlmi/m/it/9 ; [][]; \LMS/ntxsy/m/n/9 ¹\OML/nxlmi/m/it/9 CW[]\LMS/ntxsy/m/n/9 º[]g$ \T1/LinuxLibertineT-TLF/m/n/9 (+20) where
 []


Underfull \hbox (badness 4156) in paragraph at lines 74--75
\T1/LinuxLibertineT-TLF/m/n/9 (+20) but with the pre-vi-ous state be-ing $[][]$, $[][]$,
 []


Underfull \vbox (badness 1137) has occurred while \output is active []

 [15.15]
Overfull \hbox (1.62552pt too wide) in paragraph at lines 94--96
\OML/nxlmi/m/it/9 B; \U/ntxmia/m/it/9 ^^A\OML/nxlmi/m/it/9 g; [][]; [][]\LMS/ntxsy/m/n/9 º$ \T1/LinuxLibertineT-TLF/m/n/9 (-20) com-putes $\OML/nxlmi/m/it/9 CW\LMS/ntxsy/m/n/9 »\OML/nxlmi/m/it/9 k\LMS/ntxsy/m/n/9 ¼ \U/ntxmia/m/it/9 = \LMS/ntxsy/m/n/9 ¹^^@\OT1/LinuxLibertineT-TLF/m/n/9 (-20) 1\LMS/ntxsy/m/n/9 º[]¹\U/ntxmia/m/it/9 ^^A\OML/nxlmi/m/it/9 g\LMS/ntxsy/m/n/9 »\OML/nxlmi/m/it/9 k\LMS/ntxsy/m/n/9 ¼$
 []

)

Class acmart Warning: Some images may lack descriptions.


Class acmart Warning: \vspace should only be used to provide space above/below surrounding objects on input line 185.


Package balance Warning: You have called \balance in second column
(balance)                Columns might not be balanced.

LaTeX Font Info:    Font shape `T1/LinuxBiolinumT-TLF/m/n' will be
(Font)              scaled to size 12.0pt on input line 185.
LaTeX Font Info:    Font shape `T1/LinuxBiolinumT-TLF/m/n' will be
(Font)              scaled to size 8.8pt on input line 185.
LaTeX Font Info:    Font shape `T1/LinuxBiolinumT-TLF/m/n' will be
(Font)              scaled to size 6.6pt on input line 185.
LaTeX Font Info:    Font shape `T1/LinuxLibertineT-TLF/m/n' will be
(Font)              scaled to size 8.8pt on input line 185.

Overfull \hbox (4.592pt too wide) has occurred while \output is active
 [][][][] 
 []


Overfull \hbox (4.18721pt too wide) has occurred while \output is active
 [][] 
 []

(c:/texlive/2023/texmf-dist/tex/generic/stringenc/se-pdfdoc.def
File: se-pdfdoc.def 2019/11/29 v1.12 stringenc: PDFDocEncoding
) (c:/texlive/2023/texmf-dist/tex/generic/stringenc/se-utf8.def
File: se-utf8.def 2019/11/29 v1.12 stringenc: UTF-8
) [16.16] (./main.aux)
Package rerunfilecheck Info: File `main.out' has not changed.
(rerunfilecheck)             Checksum: F4589DB2034419945DB317AAF6F7A535;4662.
 ) 
Here is how much of TeX's memory you used:
 26044 strings out of 476025
 443242 string characters out of 5794015
 1905382 words of memory out of 5000000
 44876 multiletter control sequences out of 15000+600000
 810891 words of font info for 694 fonts, out of 8000000 for 9000
 1302 hyphenation exceptions out of 8191
 85i,26n,131p,1619b,739s stack positions out of 10000i,1000n,20000p,200000b,200000s
<c:/texlive/2023/texmf-dist/fonts/type1/public/newtx/LibertineMathMI.pfb><c:/texlive/2023/texmf-dist/fonts/type1/public/newtx/LibertineMathMI5.pfb><c:/texlive/2023/texmf-dist/fonts/type1/public/newtx/LibertineMathMI7.pfb><c:/texlive/2023/texmf-dist/fonts/type1/public/newtx/LibertineMathRM.pfb><c:/texlive/2023/texmf-dist/fonts/type1/public/libertine/LinBiolinumT.pfb><c:/texlive/2023/texmf-dist/fonts/type1/public/libertine/LinBiolinumTB.pfb><c:/texlive/2023/texmf-dist/fonts/type1/public/libertine/LinLibertineT.pfb><c:/texlive/2023/texmf-dist/fonts/type1/public/libertine/LinLibertineTB.pfb><c:/texlive/2023/texmf-dist/fonts/type1/public/libertine/LinLibertineTBI.pfb><c:/texlive/2023/texmf-dist/fonts/type1/public/libertine/LinLibertineTI.pfb><c:/texlive/2023/texmf-dist/fonts/type1/public/newtx/NewTXMI.pfb><c:/texlive/2023/texmf-dist/fonts/type1/public/newtx/NewTXMI7.pfb><c:/texlive/2023/texmf-dist/fonts/type1/public/newtx/txexs.pfb><c:/texlive/2023/texmf-dist/fonts/type1/public/newtx/txmiaX.pfb><c:/texlive/2023/texmf-dist/fonts/type1/public/txfonts/txsya.pfb><c:/texlive/2023/texmf-dist/fonts/type1/public/txfonts/txsyb.pfb><c:/texlive/2023/texmf-dist/fonts/type1/public/newtx/txsys.pfb>
Output written on main.pdf (16 pages, 650055 bytes).
PDF statistics:
 622 PDF objects out of 1000 (max. 8388607)
 552 compressed objects within 6 object streams
 155 named destinations out of 1000 (max. 500000)
 155873 words of extra memory for PDF output out of 184870 (max. 10000000)

